2025-03-13 19:06:04,134 - WARNING - GITHUB_TOKEN environment variable not set. Rate limiting will be more restrictive.
2025-03-13 19:06:04,134 - INFO - Loading repository data...
2025-03-13 19:06:04,135 - INFO - Found 130 repositories for metadata enhancement
2025-03-13 19:06:04,135 - INFO - Starting enhanced metadata collection...
2025-03-13 19:06:04,135 - INFO - Processing batch 1/26 (5 repos)
2025-03-13 19:06:04,135 - INFO - Getting enhanced metadata for Prodigal (https://github.com/hyattpd/Prodigal)
2025-03-13 19:06:04,135 - INFO - Getting enhanced metadata for PhageBoost (https://github.com/ku-cbd/PhageBoost)
2025-03-13 19:06:04,135 - ERROR - Error fetching enhanced metadata for GitHub repo https://github.com/hyattpd/Prodigal: 
2025-03-13 19:06:04,135 - INFO - Getting enhanced metadata for VIGOR (https://github.com/JCVI-VIRIFX/VIGOR4)
2025-03-13 19:06:04,136 - INFO - Getting enhanced metadata for VGAS (https://github.com/tianqitang1/VGAS)
2025-03-13 19:06:04,136 - INFO - Processed Prodigal (https://github.com/hyattpd/Prodigal)
2025-03-13 19:06:06,136 - ERROR - Error fetching enhanced metadata for GitHub repo https://github.com/tianqitang1/VGAS: 
2025-03-13 19:06:06,138 - INFO - Getting enhanced metadata for Cenote-Taker 3 (https://github.com/mtisza1/Cenote-Taker3)
2025-03-13 19:06:06,141 - ERROR - Error fetching enhanced metadata for GitHub repo https://github.com/JCVI-VIRIFX/VIGOR4: 
2025-03-13 19:06:06,141 - ERROR - Error fetching enhanced metadata for GitHub repo https://github.com/ku-cbd/PhageBoost: 
2025-03-13 19:06:06,141 - INFO - Processed VGAS (https://github.com/tianqitang1/VGAS)
2025-03-13 19:06:06,141 - INFO - Processed VIGOR (https://github.com/JCVI-VIRIFX/VIGOR4)
2025-03-13 19:06:06,141 - INFO - Processed PhageBoost (https://github.com/ku-cbd/PhageBoost)
2025-03-13 19:06:08,138 - ERROR - Error fetching enhanced metadata for GitHub repo https://github.com/mtisza1/Cenote-Taker3: 
2025-03-13 19:06:08,140 - INFO - Processed Cenote-Taker 3 (https://github.com/mtisza1/Cenote-Taker3)
2025-03-13 19:06:08,140 - INFO - Waiting 15 seconds before processing next batch...
2025-03-13 19:06:23,145 - INFO - Processing batch 2/26 (5 repos)
2025-03-13 19:06:23,145 - INFO - Getting enhanced metadata for CoCoNet (https://github.com/Puumanamana/CoCoNet)
2025-03-13 19:06:23,145 - INFO - Getting enhanced metadata for crassus (https://github.com/dcarrillox/CrassUS)
2025-03-13 19:06:23,146 - INFO - Getting enhanced metadata for Cenote-Taker 2 (https://github.com/mtisza1/Cenote-Taker2)
2025-03-13 19:06:23,146 - ERROR - Error fetching enhanced metadata for GitHub repo https://github.com/Puumanamana/CoCoNet: 
2025-03-13 19:06:23,146 - INFO - Getting enhanced metadata for DeepVirFinder (https://github.com/jessieren/DeepVirFinder)
2025-03-13 19:06:23,146 - INFO - Processed CoCoNet (https://github.com/Puumanamana/CoCoNet)
2025-03-13 19:06:25,147 - ERROR - Error fetching enhanced metadata for GitHub repo https://github.com/mtisza1/Cenote-Taker2: 
2025-03-13 19:06:25,147 - INFO - Getting enhanced metadata for Deep6 (https://github.com/janfelix/Deep6)
2025-03-13 19:06:25,147 - INFO - Processed Cenote-Taker 2 (https://github.com/mtisza1/Cenote-Taker2)
2025-03-13 19:06:25,150 - ERROR - Error fetching enhanced metadata for GitHub repo https://github.com/jessieren/DeepVirFinder: 
2025-03-13 19:06:25,151 - INFO - Processed DeepVirFinder (https://github.com/jessieren/DeepVirFinder)
2025-03-13 19:06:25,151 - ERROR - Error fetching enhanced metadata for GitHub repo https://github.com/dcarrillox/CrassUS: 
2025-03-13 19:06:25,151 - INFO - Processed crassus (https://github.com/dcarrillox/CrassUS)
2025-03-13 19:06:27,150 - ERROR - Error fetching enhanced metadata for GitHub repo https://github.com/janfelix/Deep6: 
2025-03-13 19:06:27,151 - INFO - Processed Deep6 (https://github.com/janfelix/Deep6)
2025-03-13 19:06:27,151 - INFO - Waiting 15 seconds before processing next batch...
2025-03-13 19:06:42,156 - INFO - Processing batch 3/26 (5 repos)
2025-03-13 19:06:42,157 - INFO - Getting enhanced metadata for DBSCAN-SWA (https://github.com/HIT-ImmunologyLab/DBSCAN-SWA/)
2025-03-13 19:06:42,157 - INFO - Getting enhanced metadata for hecatomb (https://github.com/shandley/hecatomb)
2025-03-13 19:06:42,157 - ERROR - Error fetching enhanced metadata for GitHub repo https://github.com/HIT-ImmunologyLab/DBSCAN-SWA/: 
2025-03-13 19:06:42,157 - INFO - Getting enhanced metadata for DePhT (https://github.com/chg60/DEPhT)
2025-03-13 19:06:42,158 - INFO - Getting enhanced metadata for HoloVir (https://github.com/plaffy/HoloVir)
2025-03-13 19:06:42,158 - INFO - Processed DBSCAN-SWA (https://github.com/HIT-ImmunologyLab/DBSCAN-SWA/)
2025-03-13 19:06:44,162 - ERROR - Error fetching enhanced metadata for GitHub repo https://github.com/shandley/hecatomb: 
2025-03-13 19:06:44,163 - INFO - Getting enhanced metadata for isling (https://github.com/szsctt/intvi_other-tools)
2025-03-13 19:06:44,163 - ERROR - Error fetching enhanced metadata for GitHub repo https://github.com/chg60/DEPhT: 
2025-03-13 19:06:44,164 - INFO - Processed hecatomb (https://github.com/shandley/hecatomb)
2025-03-13 19:06:44,164 - INFO - Processed DePhT (https://github.com/chg60/DEPhT)
2025-03-13 19:06:44,163 - ERROR - Error fetching enhanced metadata for GitHub repo https://github.com/plaffy/HoloVir: 
2025-03-13 19:06:44,164 - INFO - Processed HoloVir (https://github.com/plaffy/HoloVir)
2025-03-13 19:06:46,164 - ERROR - Error fetching enhanced metadata for GitHub repo https://github.com/szsctt/intvi_other-tools: 
2025-03-13 19:06:46,165 - INFO - Processed isling (https://github.com/szsctt/intvi_other-tools)
2025-03-13 19:06:46,165 - INFO - Waiting 15 seconds before processing next batch...
2025-03-13 19:07:01,170 - INFO - Processing batch 4/26 (5 repos)
2025-03-13 19:07:01,172 - INFO - Getting enhanced metadata for INHERIT (https://github.com/Celestial-Bai/INHERIT)
2025-03-13 19:07:01,172 - ERROR - Error fetching enhanced metadata for GitHub repo https://github.com/Celestial-Bai/INHERIT: 
2025-03-13 19:07:01,173 - INFO - Getting enhanced metadata for INSaFLU-TELEVIR (https://github.com/INSaFLU/INSaFLU)
2025-03-13 19:07:01,173 - INFO - Getting enhanced metadata for Jaeger (https://github.com/Yasas1994/Jaeger)
2025-03-13 19:07:01,173 - INFO - Getting enhanced metadata for Jovian (https://github.com/DennisSchmitz/Jovian)
2025-03-13 19:07:01,173 - INFO - Processed INHERIT (https://github.com/Celestial-Bai/INHERIT)
2025-03-13 19:07:03,176 - ERROR - Error fetching enhanced metadata for GitHub repo https://github.com/DennisSchmitz/Jovian: 
2025-03-13 19:07:03,176 - INFO - Getting enhanced metadata for MARVEL (https://github.com/LaboratorioBioinformatica/MARVEL)
2025-03-13 19:07:03,176 - ERROR - Error fetching enhanced metadata for GitHub repo https://github.com/Yasas1994/Jaeger: 
2025-03-13 19:07:03,176 - INFO - Processed Jovian (https://github.com/DennisSchmitz/Jovian)
2025-03-13 19:07:03,176 - INFO - Processed Jaeger (https://github.com/Yasas1994/Jaeger)
2025-03-13 19:07:03,176 - ERROR - Error fetching enhanced metadata for GitHub repo https://github.com/INSaFLU/INSaFLU: 
2025-03-13 19:07:03,177 - INFO - Processed INSaFLU-TELEVIR (https://github.com/INSaFLU/INSaFLU)
2025-03-13 19:07:05,182 - ERROR - Error fetching enhanced metadata for GitHub repo https://github.com/LaboratorioBioinformatica/MARVEL: 
2025-03-13 19:07:05,182 - INFO - Processed MARVEL (https://github.com/LaboratorioBioinformatica/MARVEL)
2025-03-13 19:07:05,182 - INFO - Waiting 15 seconds before processing next batch...
2025-03-13 19:07:20,193 - INFO - Processing batch 5/26 (5 repos)
2025-03-13 19:07:20,196 - INFO - Getting enhanced metadata for Phage tools (https://github.com/sxh1136/Phage_tools)
2025-03-13 19:07:20,196 - INFO - Getting enhanced metadata for MetaPhlAn 4.1.0 (https://github.com/biobakery/MetaPhlAn/releases/tag/4.1.0)
2025-03-13 19:07:20,196 - ERROR - Error fetching enhanced metadata for GitHub repo https://github.com/sxh1136/Phage_tools: 
2025-03-13 19:07:20,196 - INFO - Getting enhanced metadata for MetaPhinder (https://github.com/vanessajurtz/MetaPhinder)
2025-03-13 19:07:20,197 - INFO - Getting enhanced metadata for PHAMB (https://github.com/RasmussenLab/phamb)
2025-03-13 19:07:20,197 - INFO - Processed Phage tools (https://github.com/sxh1136/Phage_tools)
2025-03-13 19:07:22,198 - ERROR - Error fetching enhanced metadata for GitHub repo https://github.com/vanessajurtz/MetaPhinder: 
2025-03-13 19:07:22,199 - ERROR - Error fetching enhanced metadata for GitHub repo https://github.com/biobakery/MetaPhlAn/releases/tag/4.1.0: 
2025-03-13 19:07:22,199 - INFO - Getting enhanced metadata for phaMers (https://github.com/jondeaton/PhaMers)
2025-03-13 19:07:22,199 - INFO - Processed MetaPhinder (https://github.com/vanessajurtz/MetaPhinder)
2025-03-13 19:07:22,199 - INFO - Processed MetaPhlAn 4.1.0 (https://github.com/biobakery/MetaPhlAn/releases/tag/4.1.0)
2025-03-13 19:07:22,201 - ERROR - Error fetching enhanced metadata for GitHub repo https://github.com/RasmussenLab/phamb: 
2025-03-13 19:07:22,207 - INFO - Processed PHAMB (https://github.com/RasmussenLab/phamb)
2025-03-13 19:07:24,200 - ERROR - Error fetching enhanced metadata for GitHub repo https://github.com/jondeaton/PhaMers: 
2025-03-13 19:07:24,200 - INFO - Processed phaMers (https://github.com/jondeaton/PhaMers)
2025-03-13 19:07:24,201 - INFO - Waiting 15 seconds before processing next batch...
2025-03-13 19:07:39,206 - INFO - Processing batch 6/26 (5 repos)
2025-03-13 19:07:39,209 - INFO - Getting enhanced metadata for PIGv (https://github.com/BenMinch/PIGv)
2025-03-13 19:07:39,209 - ERROR - Error fetching enhanced metadata for GitHub repo https://github.com/BenMinch/PIGv: 
2025-03-13 19:07:39,213 - INFO - Getting enhanced metadata for PPR-Meta (https://github.com/zhenchengfang/PPR-Meta)
2025-03-13 19:07:39,213 - INFO - Getting enhanced metadata for Phanta (https://github.com/bhattlab/phanta)
2025-03-13 19:07:39,216 - INFO - Getting enhanced metadata for VFM (https://github.com/liuql2019/VFM)
2025-03-13 19:07:39,217 - INFO - Processed PIGv (https://github.com/BenMinch/PIGv)
2025-03-13 19:07:41,213 - ERROR - Error fetching enhanced metadata for GitHub repo https://github.com/bhattlab/phanta: 
2025-03-13 19:07:41,214 - INFO - Getting enhanced metadata for Seeker (https://github.com/gussow/seeker)
2025-03-13 19:07:41,214 - INFO - Processed Phanta (https://github.com/bhattlab/phanta)
2025-03-13 19:07:41,214 - ERROR - Error fetching enhanced metadata for GitHub repo https://github.com/liuql2019/VFM: 
2025-03-13 19:07:41,214 - ERROR - Error fetching enhanced metadata for GitHub repo https://github.com/zhenchengfang/PPR-Meta: 
2025-03-13 19:07:41,215 - INFO - Processed VFM (https://github.com/liuql2019/VFM)
2025-03-13 19:07:41,215 - INFO - Processed PPR-Meta (https://github.com/zhenchengfang/PPR-Meta)
2025-03-13 19:07:43,228 - ERROR - Error fetching enhanced metadata for GitHub repo https://github.com/gussow/seeker: 
2025-03-13 19:07:43,228 - INFO - Processed Seeker (https://github.com/gussow/seeker)
2025-03-13 19:07:43,229 - INFO - Waiting 15 seconds before processing next batch...
2025-03-13 19:07:58,235 - INFO - Processing batch 7/26 (5 repos)
2025-03-13 19:07:58,236 - INFO - Getting enhanced metadata for VIBRANT (https://github.com/AnantharamanLab/VIBRANT)
2025-03-13 19:07:58,236 - ERROR - Error fetching enhanced metadata for GitHub repo https://github.com/AnantharamanLab/VIBRANT: 
2025-03-13 19:07:58,236 - INFO - Getting enhanced metadata for ViralCC (https://github.com/dyxstat/ViralCC)
2025-03-13 19:07:58,236 - INFO - Getting enhanced metadata for VIP (https://github.com/keylabivdc/VIP/)
2025-03-13 19:07:58,236 - INFO - Processed VIBRANT (https://github.com/AnantharamanLab/VIBRANT)
2025-03-13 19:07:58,237 - INFO - Getting enhanced metadata for VIGA (https://github.com/viralInformatics/VIGA)
2025-03-13 19:08:00,241 - ERROR - Error fetching enhanced metadata for GitHub repo https://github.com/keylabivdc/VIP/: 
2025-03-13 19:08:00,241 - ERROR - Error fetching enhanced metadata for GitHub repo https://github.com/viralInformatics/VIGA: 
2025-03-13 19:08:00,241 - ERROR - Error fetching enhanced metadata for GitHub repo https://github.com/dyxstat/ViralCC: 
2025-03-13 19:08:00,241 - INFO - Getting enhanced metadata for ViralConsensus (https://github.com/niemasd/ViralConsensus)
2025-03-13 19:08:00,241 - INFO - Processed VIP (https://github.com/keylabivdc/VIP/)
2025-03-13 19:08:00,243 - INFO - Processed VIGA (https://github.com/viralInformatics/VIGA)
2025-03-13 19:08:00,243 - INFO - Processed ViralCC (https://github.com/dyxstat/ViralCC)
2025-03-13 19:08:02,243 - ERROR - Error fetching enhanced metadata for GitHub repo https://github.com/niemasd/ViralConsensus: 
2025-03-13 19:08:02,244 - INFO - Processed ViralConsensus (https://github.com/niemasd/ViralConsensus)
2025-03-13 19:08:02,245 - INFO - Waiting 15 seconds before processing next batch...
2025-03-13 19:08:17,250 - INFO - Processing batch 8/26 (5 repos)
2025-03-13 19:08:17,251 - INFO - Getting enhanced metadata for viralMetagenomicsPipeline (https://github.com/wclose/viralMetagenomicsPipeline)
2025-03-13 19:08:17,251 - ERROR - Error fetching enhanced metadata for GitHub repo https://github.com/wclose/viralMetagenomicsPipeline: 
2025-03-13 19:08:17,251 - INFO - Getting enhanced metadata for virAnnot (https://github.com/marieBvr/virAnnot)
2025-03-13 19:08:17,252 - INFO - Getting enhanced metadata for viraMiner (https://github.com/NeuroCSUT/ViraMiner)
2025-03-13 19:08:17,252 - INFO - Getting enhanced metadata for VirFinder (https://github.com/jessieren/VirFinder)
2025-03-13 19:08:17,252 - INFO - Processed viralMetagenomicsPipeline (https://github.com/wclose/viralMetagenomicsPipeline)
2025-03-13 19:08:19,257 - ERROR - Error fetching enhanced metadata for GitHub repo https://github.com/NeuroCSUT/ViraMiner: 
2025-03-13 19:08:19,257 - ERROR - Error fetching enhanced metadata for GitHub repo https://github.com/jessieren/VirFinder: 
2025-03-13 19:08:19,257 - ERROR - Error fetching enhanced metadata for GitHub repo https://github.com/marieBvr/virAnnot: 
2025-03-13 19:08:19,258 - INFO - Getting enhanced metadata for Virhunter (https://github.com/cbib/virhunter)
2025-03-13 19:08:19,258 - INFO - Processed viraMiner (https://github.com/NeuroCSUT/ViraMiner)
2025-03-13 19:08:19,258 - INFO - Processed VirFinder (https://github.com/jessieren/VirFinder)
2025-03-13 19:08:19,258 - INFO - Processed virAnnot (https://github.com/marieBvr/virAnnot)
2025-03-13 19:08:21,261 - ERROR - Error fetching enhanced metadata for GitHub repo https://github.com/cbib/virhunter: 
2025-03-13 19:08:21,263 - INFO - Processed Virhunter (https://github.com/cbib/virhunter)
2025-03-13 19:08:21,271 - INFO - Waiting 15 seconds before processing next batch...
2025-03-13 19:08:36,274 - INFO - Processing batch 9/26 (5 repos)
2025-03-13 19:08:36,274 - INFO - Getting enhanced metadata for VirMine (https://github.com/thatzopoulos/virMine)
2025-03-13 19:08:36,274 - INFO - Getting enhanced metadata for ViroProfiler (https://github.com/deng-lab/viroprofiler)
2025-03-13 19:08:36,275 - ERROR - Error fetching enhanced metadata for GitHub repo https://github.com/thatzopoulos/virMine: 
2025-03-13 19:08:36,275 - INFO - Getting enhanced metadata for virMiner (https://github.com/TingtZHENG/VirMiner)
2025-03-13 19:08:36,275 - INFO - Getting enhanced metadata for VirNet (https://github.com/alyosama/virnet)
2025-03-13 19:08:36,275 - INFO - Processed VirMine (https://github.com/thatzopoulos/virMine)
2025-03-13 19:08:38,279 - ERROR - Error fetching enhanced metadata for GitHub repo https://github.com/alyosama/virnet: 
2025-03-13 19:08:38,279 - ERROR - Error fetching enhanced metadata for GitHub repo https://github.com/TingtZHENG/VirMiner: 
2025-03-13 19:08:38,279 - ERROR - Error fetching enhanced metadata for GitHub repo https://github.com/deng-lab/viroprofiler: 
2025-03-13 19:08:38,279 - INFO - Getting enhanced metadata for VirSorter (https://github.com/simroux/VirSorter)
2025-03-13 19:08:38,279 - INFO - Processed VirNet (https://github.com/alyosama/virnet)
2025-03-13 19:08:38,280 - INFO - Processed virMiner (https://github.com/TingtZHENG/VirMiner)
2025-03-13 19:08:38,280 - INFO - Processed ViroProfiler (https://github.com/deng-lab/viroprofiler)
2025-03-13 19:08:40,283 - ERROR - Error fetching enhanced metadata for GitHub repo https://github.com/simroux/VirSorter: 
2025-03-13 19:08:40,284 - INFO - Processed VirSorter (https://github.com/simroux/VirSorter)
2025-03-13 19:08:40,285 - INFO - Waiting 15 seconds before processing next batch...
2025-03-13 19:08:55,287 - INFO - Processing batch 10/26 (5 repos)
2025-03-13 19:08:55,288 - INFO - Getting enhanced metadata for VirSorter2 (https://bitbucket.org/MAVERICLab/virsorter2/)
2025-03-13 19:08:55,289 - INFO - Fetching Bitbucket repo metadata: MAVERICLab/virsorter2
2025-03-13 19:08:55,289 - INFO - Getting enhanced metadata for virus_prediction (https://github.com/rujinlong/virus_prediction)
2025-03-13 19:08:55,290 - INFO - Getting enhanced metadata for Virtifier (https://github.com/crazyinter/Seq2Vec)
2025-03-13 19:08:55,290 - INFO - Skipping unavailable repository: virus_prediction
2025-03-13 19:08:55,291 - INFO - Getting enhanced metadata for Virtus (https://github.com/yyoshiaki/VIRTUS)
2025-03-13 19:08:55,291 - ERROR - Error fetching enhanced metadata for GitHub repo https://github.com/yyoshiaki/VIRTUS: 
2025-03-13 19:08:55,291 - INFO - Getting enhanced metadata for ViruSpy (https://github.com/NCBI-Hackathons/ViruSpy)
2025-03-13 19:08:55,292 - INFO - Processed virus_prediction (https://github.com/rujinlong/virus_prediction)
2025-03-13 19:08:55,292 - INFO - Processed Virtus (https://github.com/yyoshiaki/VIRTUS)
2025-03-13 19:08:57,293 - ERROR - Error fetching enhanced metadata for GitHub repo https://github.com/crazyinter/Seq2Vec: 
2025-03-13 19:08:57,293 - ERROR - Error fetching enhanced metadata for GitHub repo https://github.com/NCBI-Hackathons/ViruSpy: 
2025-03-13 19:08:57,294 - INFO - Processed Virtifier (https://github.com/crazyinter/Seq2Vec)
2025-03-13 19:08:57,294 - INFO - Processed ViruSpy (https://github.com/NCBI-Hackathons/ViruSpy)
2025-03-13 19:09:00,969 - INFO - Saved metadata for VirSorter2 to /Users/scott/gdrive/ghpages/awesome-virome/metadata/VirSorter2.json
2025-03-13 19:09:00,969 - INFO - Processed VirSorter2 (https://bitbucket.org/MAVERICLab/virsorter2/)
2025-03-13 19:09:00,970 - INFO - Waiting 15 seconds before processing next batch...
2025-03-13 19:09:15,975 - INFO - Processing batch 11/26 (5 repos)
2025-03-13 19:09:15,977 - INFO - Getting enhanced metadata for What_the_phage (https://github.com/replikation/What_the_Phage)
2025-03-13 19:09:15,977 - INFO - Getting enhanced metadata for vRhyme (https://github.com/AnantharamanLab/vRhyme)
2025-03-13 19:09:15,977 - ERROR - Error fetching enhanced metadata for GitHub repo https://github.com/replikation/What_the_Phage: 
2025-03-13 19:09:15,977 - INFO - Getting enhanced metadata for geNomad (https://github.com/apcamargo/genomad)
2025-03-13 19:09:15,978 - INFO - Getting enhanced metadata for hafeZ (https://github.com/Chrisjrt/hafeZ)
2025-03-13 19:09:15,978 - INFO - Processed What_the_phage (https://github.com/replikation/What_the_Phage)
2025-03-13 19:09:17,981 - ERROR - Error fetching enhanced metadata for GitHub repo https://github.com/apcamargo/genomad: 
2025-03-13 19:09:17,982 - ERROR - Error fetching enhanced metadata for GitHub repo https://github.com/AnantharamanLab/vRhyme: 
2025-03-13 19:09:17,982 - ERROR - Error fetching enhanced metadata for GitHub repo https://github.com/Chrisjrt/hafeZ: 
2025-03-13 19:09:17,982 - INFO - Getting enhanced metadata for Phigaro (https://github.com/bobeobibo/phigaro)
2025-03-13 19:09:17,982 - INFO - Processed geNomad (https://github.com/apcamargo/genomad)
2025-03-13 19:09:17,982 - INFO - Processed vRhyme (https://github.com/AnantharamanLab/vRhyme)
2025-03-13 19:09:17,983 - INFO - Processed hafeZ (https://github.com/Chrisjrt/hafeZ)
2025-03-13 19:09:19,986 - ERROR - Error fetching enhanced metadata for GitHub repo https://github.com/bobeobibo/phigaro: 
2025-03-13 19:09:19,986 - INFO - Processed Phigaro (https://github.com/bobeobibo/phigaro)
2025-03-13 19:09:19,987 - INFO - Waiting 15 seconds before processing next batch...
2025-03-13 19:09:34,989 - INFO - Processing batch 12/26 (5 repos)
2025-03-13 19:09:34,989 - INFO - Getting enhanced metadata for Prophet (https://github.com/jaumlrc/ProphET)
2025-03-13 19:09:34,990 - ERROR - Error fetching enhanced metadata for GitHub repo https://github.com/jaumlrc/ProphET: 
2025-03-13 19:09:34,990 - INFO - Getting enhanced metadata for VAPiD (https://github.com/rcs333/VAPiD)
2025-03-13 19:09:34,990 - INFO - Getting enhanced metadata for PhiSpy (https://github.com/linsalrob/PhiSpy)
2025-03-13 19:09:34,990 - INFO - Getting enhanced metadata for BacteriophageHostPrediction (https://github.com/dimiboeckaerts/BacteriophageHostPrediction)
2025-03-13 19:09:34,990 - INFO - Processed Prophet (https://github.com/jaumlrc/ProphET)
2025-03-13 19:09:36,992 - ERROR - Error fetching enhanced metadata for GitHub repo https://github.com/dimiboeckaerts/BacteriophageHostPrediction: 
2025-03-13 19:09:36,993 - INFO - Getting enhanced metadata for RdRp-scan (https://github.com/JustineCharon/RdRp-scan/)
2025-03-13 19:09:36,993 - INFO - Processed BacteriophageHostPrediction (https://github.com/dimiboeckaerts/BacteriophageHostPrediction)
2025-03-13 19:09:36,993 - ERROR - Error fetching enhanced metadata for GitHub repo https://github.com/rcs333/VAPiD: 
2025-03-13 19:09:36,993 - ERROR - Error fetching enhanced metadata for GitHub repo https://github.com/linsalrob/PhiSpy: 
2025-03-13 19:09:36,993 - INFO - Processed VAPiD (https://github.com/rcs333/VAPiD)
2025-03-13 19:09:36,993 - INFO - Processed PhiSpy (https://github.com/linsalrob/PhiSpy)
2025-03-13 19:09:38,995 - ERROR - Error fetching enhanced metadata for GitHub repo https://github.com/JustineCharon/RdRp-scan/: 
2025-03-13 19:09:38,995 - INFO - Processed RdRp-scan (https://github.com/JustineCharon/RdRp-scan/)
2025-03-13 19:09:38,995 - INFO - Waiting 15 seconds before processing next batch...
2025-03-13 19:09:53,997 - INFO - Processing batch 13/26 (5 repos)
2025-03-13 19:09:53,998 - INFO - Getting enhanced metadata for viralintegration (https://github.com/nf-core/viralintegration)
2025-03-13 19:09:53,998 - INFO - Getting enhanced metadata for DeePaC (https://gitlab.com/dacs-hpi/deepac)
2025-03-13 19:09:53,998 - ERROR - Error fetching enhanced metadata for GitHub repo https://github.com/nf-core/viralintegration: 
2025-03-13 19:09:53,998 - INFO - Getting enhanced metadata for CHERRY (https://github.com/KennthShang/CHERRY)
2025-03-13 19:09:53,999 - INFO - Fetching GitLab repo metadata: dacs-hpi/deepac
2025-03-13 19:09:53,999 - INFO - Getting enhanced metadata for CrisprOpenDB (https://github.com/edzuf/CrisprOpenDB)
2025-03-13 19:09:53,999 - INFO - Processed viralintegration (https://github.com/nf-core/viralintegration)
2025-03-13 19:09:55,929 - WARNING - GitLab project not found: https://gitlab.com/dacs-hpi/deepac
2025-03-13 19:09:55,929 - INFO - Getting enhanced metadata for DeepHost (https://github.com/deepomicslab/DeepHost)
2025-03-13 19:09:55,929 - INFO - Processed DeePaC (https://gitlab.com/dacs-hpi/deepac)
2025-03-13 19:09:56,000 - ERROR - Error fetching enhanced metadata for GitHub repo https://github.com/edzuf/CrisprOpenDB: 
2025-03-13 19:09:56,000 - ERROR - Error fetching enhanced metadata for GitHub repo https://github.com/KennthShang/CHERRY: 
2025-03-13 19:09:56,000 - ERROR - Error fetching enhanced metadata for GitHub repo https://github.com/deepomicslab/DeepHost: 
2025-03-13 19:09:56,000 - INFO - Processed CrisprOpenDB (https://github.com/edzuf/CrisprOpenDB)
2025-03-13 19:09:56,000 - INFO - Processed CHERRY (https://github.com/KennthShang/CHERRY)
2025-03-13 19:09:56,001 - INFO - Processed DeepHost (https://github.com/deepomicslab/DeepHost)
2025-03-13 19:09:56,001 - INFO - Waiting 15 seconds before processing next batch...
2025-03-13 19:10:05,570 - WARNING - GITHUB_TOKEN environment variable not set. Rate limiting will be more restrictive.
2025-03-13 19:10:05,571 - INFO - Loading repository data...
2025-03-13 19:10:05,571 - INFO - Found 130 repositories for metadata enhancement
2025-03-13 19:10:05,571 - INFO - Starting enhanced metadata collection...
2025-03-13 19:10:05,571 - INFO - Processing batch 1/44 (3 repos)
2025-03-13 19:10:05,571 - INFO - Getting enhanced metadata for Prodigal (https://github.com/hyattpd/Prodigal)
2025-03-13 19:10:05,571 - INFO - Getting enhanced metadata for PhageBoost (https://github.com/ku-cbd/PhageBoost)
2025-03-13 19:10:05,572 - INFO - Fetching GitHub repo metadata: hyattpd/Prodigal
2025-03-13 19:10:05,572 - INFO - Getting enhanced metadata for VIGOR (https://github.com/JCVI-VIRIFX/VIGOR4)
2025-03-13 19:10:07,574 - INFO - Fetching GitHub repo metadata: ku-cbd/PhageBoost
2025-03-13 19:10:07,574 - INFO - Fetching GitHub repo metadata: JCVI-VIRIFX/VIGOR4
2025-03-13 19:10:07,922 - WARNING - Repository not found: https://github.com/JCVI-VIRIFX/VIGOR4
2025-03-13 19:10:07,922 - INFO - Processed VIGOR (https://github.com/JCVI-VIRIFX/VIGOR4)
2025-03-13 19:10:12,112 - INFO - Saved metadata for Prodigal to /Users/scott/gdrive/ghpages/awesome-virome/metadata/Prodigal.json
2025-03-13 19:10:12,113 - INFO - Processed Prodigal (https://github.com/hyattpd/Prodigal)
2025-03-13 19:10:14,198 - INFO - Saved metadata for PhageBoost to /Users/scott/gdrive/ghpages/awesome-virome/metadata/PhageBoost.json
2025-03-13 19:10:14,198 - INFO - Processed PhageBoost (https://github.com/ku-cbd/PhageBoost)
2025-03-13 19:10:14,198 - INFO - Waiting 20 seconds before processing next batch...
2025-03-13 19:10:34,203 - INFO - Processing batch 2/44 (3 repos)
2025-03-13 19:10:34,203 - INFO - Getting enhanced metadata for VGAS (https://github.com/tianqitang1/VGAS)
2025-03-13 19:10:34,204 - INFO - Getting enhanced metadata for Cenote-Taker 3 (https://github.com/mtisza1/Cenote-Taker3)
2025-03-13 19:10:34,204 - INFO - Getting enhanced metadata for CoCoNet (https://github.com/Puumanamana/CoCoNet)
2025-03-13 19:10:34,204 - INFO - Fetching GitHub repo metadata: tianqitang1/VGAS
2025-03-13 19:10:35,674 - WARNING - Repository not found: https://github.com/tianqitang1/VGAS
2025-03-13 19:10:35,675 - INFO - Processed VGAS (https://github.com/tianqitang1/VGAS)
2025-03-13 19:10:36,207 - INFO - Fetching GitHub repo metadata: mtisza1/Cenote-Taker3
2025-03-13 19:10:36,208 - INFO - Fetching GitHub repo metadata: Puumanamana/CoCoNet
2025-03-13 19:10:43,878 - INFO - Saved metadata for Cenote-Taker 3 to /Users/scott/gdrive/ghpages/awesome-virome/metadata/Cenote-Taker_3.json
2025-03-13 19:10:43,880 - INFO - Processed Cenote-Taker 3 (https://github.com/mtisza1/Cenote-Taker3)
2025-03-13 19:10:43,931 - INFO - Saved metadata for CoCoNet to /Users/scott/gdrive/ghpages/awesome-virome/metadata/CoCoNet.json
2025-03-13 19:10:43,937 - INFO - Processed CoCoNet (https://github.com/Puumanamana/CoCoNet)
2025-03-13 19:10:43,937 - INFO - Waiting 20 seconds before processing next batch...
2025-03-13 19:11:03,943 - INFO - Processing batch 3/44 (3 repos)
2025-03-13 19:11:03,949 - INFO - Getting enhanced metadata for crassus (https://github.com/dcarrillox/CrassUS)
2025-03-13 19:11:03,949 - INFO - Fetching GitHub repo metadata: dcarrillox/CrassUS
2025-03-13 19:11:03,970 - INFO - Getting enhanced metadata for Cenote-Taker 2 (https://github.com/mtisza1/Cenote-Taker2)
2025-03-13 19:11:03,971 - INFO - Getting enhanced metadata for DeepVirFinder (https://github.com/jessieren/DeepVirFinder)
2025-03-13 19:11:05,955 - INFO - Fetching GitHub repo metadata: jessieren/DeepVirFinder
2025-03-13 19:11:05,958 - INFO - Fetching GitHub repo metadata: mtisza1/Cenote-Taker2
2025-03-13 19:11:11,709 - INFO - Saved metadata for crassus to /Users/scott/gdrive/ghpages/awesome-virome/metadata/crassus.json
2025-03-13 19:11:11,709 - INFO - Processed crassus (https://github.com/dcarrillox/CrassUS)
2025-03-13 19:11:12,398 - INFO - Saved metadata for DeepVirFinder to /Users/scott/gdrive/ghpages/awesome-virome/metadata/DeepVirFinder.json
2025-03-13 19:11:12,398 - INFO - Processed DeepVirFinder (https://github.com/jessieren/DeepVirFinder)
2025-03-13 19:11:12,434 - INFO - Saved metadata for Cenote-Taker 2 to /Users/scott/gdrive/ghpages/awesome-virome/metadata/Cenote-Taker_2.json
2025-03-13 19:11:12,434 - INFO - Processed Cenote-Taker 2 (https://github.com/mtisza1/Cenote-Taker2)
2025-03-13 19:11:12,435 - INFO - Waiting 20 seconds before processing next batch...
2025-03-13 19:11:32,440 - INFO - Processing batch 4/44 (3 repos)
2025-03-13 19:11:32,441 - INFO - Getting enhanced metadata for Deep6 (https://github.com/janfelix/Deep6)
2025-03-13 19:11:32,441 - INFO - Fetching GitHub repo metadata: janfelix/Deep6
2025-03-13 19:11:32,441 - INFO - Getting enhanced metadata for DBSCAN-SWA (https://github.com/HIT-ImmunologyLab/DBSCAN-SWA/)
2025-03-13 19:11:32,441 - INFO - Getting enhanced metadata for hecatomb (https://github.com/shandley/hecatomb)
2025-03-13 19:11:34,442 - INFO - Fetching GitHub repo metadata: shandley/hecatomb
2025-03-13 19:11:34,444 - INFO - Fetching GitHub repo metadata: HIT-ImmunologyLab/DBSCAN-SWA
2025-03-13 19:11:39,687 - INFO - Saved metadata for Deep6 to /Users/scott/gdrive/ghpages/awesome-virome/metadata/Deep6.json
2025-03-13 19:11:39,687 - INFO - Processed Deep6 (https://github.com/janfelix/Deep6)
2025-03-13 19:11:41,422 - INFO - Saved metadata for DBSCAN-SWA to /Users/scott/gdrive/ghpages/awesome-virome/metadata/DBSCAN-SWA.json
2025-03-13 19:11:41,422 - INFO - Processed DBSCAN-SWA (https://github.com/HIT-ImmunologyLab/DBSCAN-SWA/)
2025-03-13 19:11:41,423 - INFO - Saved metadata for hecatomb to /Users/scott/gdrive/ghpages/awesome-virome/metadata/hecatomb.json
2025-03-13 19:11:41,423 - INFO - Processed hecatomb (https://github.com/shandley/hecatomb)
2025-03-13 19:11:41,424 - INFO - Waiting 20 seconds before processing next batch...
2025-03-13 19:12:01,427 - INFO - Processing batch 5/44 (3 repos)
2025-03-13 19:12:01,428 - INFO - Getting enhanced metadata for DePhT (https://github.com/chg60/DEPhT)
2025-03-13 19:12:01,428 - INFO - Getting enhanced metadata for HoloVir (https://github.com/plaffy/HoloVir)
2025-03-13 19:12:01,429 - INFO - Fetching GitHub repo metadata: chg60/DEPhT
2025-03-13 19:12:01,429 - INFO - Getting enhanced metadata for isling (https://github.com/szsctt/intvi_other-tools)
2025-03-13 19:12:03,433 - INFO - Fetching GitHub repo metadata: plaffy/HoloVir
2025-03-13 19:12:03,438 - INFO - Fetching GitHub repo metadata: szsctt/intvi_other-tools
2025-03-13 19:12:08,554 - INFO - Saved metadata for DePhT to /Users/scott/gdrive/ghpages/awesome-virome/metadata/DePhT.json
2025-03-13 19:12:08,555 - INFO - Processed DePhT (https://github.com/chg60/DEPhT)
2025-03-13 19:12:09,705 - INFO - Saved metadata for isling to /Users/scott/gdrive/ghpages/awesome-virome/metadata/isling.json
2025-03-13 19:12:09,705 - INFO - Processed isling (https://github.com/szsctt/intvi_other-tools)
