2025-03-11 16:13:19,563 - INFO - Extracting repositories from /Users/scott/gdrive/ghpages/awesome-virome/README.md...
2025-03-11 16:13:19,564 - INFO - Found 126 repository URLs in the README
2025-03-11 16:13:19,564 - INFO - Checking repository update times (this may take a while)...
2025-03-11 16:13:22,079 - INFO - Progress: 10/126 repositories checked
2025-03-11 16:13:24,365 - ERROR - Error fetching GitHub repo https://github.com/sxh1136/Phage_tools: 403 Client Error: rate limit exceeded for url: https://api.github.com/repos/sxh1136/Phage_tools
2025-03-11 16:13:24,376 - ERROR - Error fetching GitHub repo https://github.com/RasmussenLab/phamb: 403 Client Error: rate limit exceeded for url: https://api.github.com/repos/RasmussenLab/phamb
2025-03-11 16:13:24,398 - INFO - Progress: 20/126 repositories checked
2025-03-11 16:13:25,491 - ERROR - Error fetching GitHub repo https://github.com/BenMinch/PIGv: 403 Client Error: rate limit exceeded for url: https://api.github.com/repos/BenMinch/PIGv
2025-03-11 16:13:25,491 - ERROR - Error fetching GitHub repo https://github.com/jondeaton/PhaMers: 403 Client Error: rate limit exceeded for url: https://api.github.com/repos/jondeaton/PhaMers
2025-03-11 16:13:25,491 - ERROR - Error fetching GitHub repo https://github.com/bhattlab/phanta: 403 Client Error: rate limit exceeded for url: https://api.github.com/repos/bhattlab/phanta
2025-03-11 16:13:25,494 - ERROR - Error fetching GitHub repo https://github.com/zhenchengfang/PPR-Meta: 403 Client Error: rate limit exceeded for url: https://api.github.com/repos/zhenchengfang/PPR-Meta
2025-03-11 16:13:25,525 - ERROR - Error fetching GitHub repo https://github.com/gussow/seeker: 403 Client Error: rate limit exceeded for url: https://api.github.com/repos/gussow/seeker
2025-03-11 16:13:26,619 - ERROR - Error fetching GitHub repo https://github.com/viralInformatics/VIGA: 403 Client Error: rate limit exceeded for url: https://api.github.com/repos/viralInformatics/VIGA
2025-03-11 16:13:26,621 - ERROR - Error fetching GitHub repo https://github.com/keylabivdc/VIP/: 403 Client Error: rate limit exceeded for url: https://api.github.com/repos/keylabivdc/VIP
2025-03-11 16:13:26,622 - ERROR - Error fetching GitHub repo https://github.com/AnantharamanLab/VIBRANT: 403 Client Error: rate limit exceeded for url: https://api.github.com/repos/AnantharamanLab/VIBRANT
2025-03-11 16:13:26,661 - ERROR - Error fetching GitHub repo https://github.com/dyxstat/ViralCC: 403 Client Error: rate limit exceeded for url: https://api.github.com/repos/dyxstat/ViralCC
2025-03-11 16:13:26,688 - INFO - Progress: 30/126 repositories checked
2025-03-11 16:13:27,737 - ERROR - Error fetching GitHub repo https://github.com/wclose/viralMetagenomicsPipeline: 403 Client Error: rate limit exceeded for url: https://api.github.com/repos/wclose/viralMetagenomicsPipeline
2025-03-11 16:13:27,738 - ERROR - Error fetching GitHub repo https://github.com/NeuroCSUT/ViraMiner: 403 Client Error: rate limit exceeded for url: https://api.github.com/repos/NeuroCSUT/ViraMiner
2025-03-11 16:13:27,755 - ERROR - Error fetching GitHub repo https://github.com/niemasd/ViralConsensus: 403 Client Error: rate limit exceeded for url: https://api.github.com/repos/niemasd/ViralConsensus
2025-03-11 16:13:27,792 - ERROR - Error fetching GitHub repo https://github.com/jessieren/VirFinder: 403 Client Error: rate limit exceeded for url: https://api.github.com/repos/jessieren/VirFinder
2025-03-11 16:13:28,867 - ERROR - Error fetching GitHub repo https://github.com/thatzopoulos/virMine: 403 Client Error: rate limit exceeded for url: https://api.github.com/repos/thatzopoulos/virMine
2025-03-11 16:13:28,884 - ERROR - Error fetching GitHub repo https://github.com/TingtZHENG/VirMiner: 403 Client Error: rate limit exceeded for url: https://api.github.com/repos/TingtZHENG/VirMiner
2025-03-11 16:13:28,892 - ERROR - Error fetching GitHub repo https://github.com/cbib/virhunter: 403 Client Error: rate limit exceeded for url: https://api.github.com/repos/cbib/virhunter
2025-03-11 16:13:28,925 - ERROR - Error fetching GitHub repo https://github.com/alyosama/virnet: 403 Client Error: rate limit exceeded for url: https://api.github.com/repos/alyosama/virnet
2025-03-11 16:13:29,021 - ERROR - Error fetching GitHub repo https://github.com/deng-lab/viroprofiler: 403 Client Error: rate limit exceeded for url: https://api.github.com/repos/deng-lab/viroprofiler
2025-03-11 16:13:29,021 - INFO - Progress: 40/126 repositories checked
2025-03-11 16:13:29,997 - ERROR - Error fetching GitHub repo https://github.com/simroux/VirSorter: 403 Client Error: rate limit exceeded for url: https://api.github.com/repos/simroux/VirSorter
2025-03-11 16:13:30,021 - ERROR - Error fetching GitHub repo https://github.com/crazyinter/Seq2Vec: 403 Client Error: rate limit exceeded for url: https://api.github.com/repos/crazyinter/Seq2Vec
2025-03-11 16:13:30,039 - ERROR - Error fetching GitHub repo https://github.com/yyoshiaki/VIRTUS: 403 Client Error: rate limit exceeded for url: https://api.github.com/repos/yyoshiaki/VIRTUS
2025-03-11 16:13:30,151 - ERROR - Error fetching GitHub repo https://github.com/rujinlong/virus_prediction: 403 Client Error: rate limit exceeded for url: https://api.github.com/repos/rujinlong/virus_prediction
2025-03-11 16:13:31,134 - ERROR - Error fetching GitHub repo https://github.com/NCBI-Hackathons/ViruSpy: 403 Client Error: rate limit exceeded for url: https://api.github.com/repos/NCBI-Hackathons/ViruSpy
2025-03-11 16:13:31,158 - ERROR - Error fetching GitHub repo https://github.com/replikation/What_the_Phage: 403 Client Error: rate limit exceeded for url: https://api.github.com/repos/replikation/What_the_Phage
2025-03-11 16:13:31,160 - ERROR - Error fetching GitHub repo https://github.com/AnantharamanLab/vRhyme: 403 Client Error: rate limit exceeded for url: https://api.github.com/repos/AnantharamanLab/vRhyme
2025-03-11 16:13:31,233 - ERROR - Error fetching GitHub repo https://github.com/apcamargo/genomad: 403 Client Error: rate limit exceeded for url: https://api.github.com/repos/apcamargo/genomad
2025-03-11 16:13:31,277 - ERROR - Error fetching GitHub repo https://github.com/Chrisjrt/hafeZ: 403 Client Error: rate limit exceeded for url: https://api.github.com/repos/Chrisjrt/hafeZ
2025-03-11 16:13:31,277 - INFO - Progress: 50/126 repositories checked
2025-03-11 16:13:32,264 - ERROR - Error fetching GitHub repo https://github.com/bobeobibo/phigaro: 403 Client Error: rate limit exceeded for url: https://api.github.com/repos/bobeobibo/phigaro
2025-03-11 16:13:32,266 - ERROR - Error fetching GitHub repo https://github.com/jaumlrc/ProphET: 403 Client Error: rate limit exceeded for url: https://api.github.com/repos/jaumlrc/ProphET
2025-03-11 16:13:32,273 - ERROR - Error fetching GitHub repo https://github.com/linsalrob/PhiSpy: 403 Client Error: rate limit exceeded for url: https://api.github.com/repos/linsalrob/PhiSpy
2025-03-11 16:13:32,346 - ERROR - Error fetching GitHub repo https://github.com/rcs333/VAPiD: 403 Client Error: rate limit exceeded for url: https://api.github.com/repos/rcs333/VAPiD
2025-03-11 16:13:32,398 - ERROR - Error fetching GitHub repo https://github.com/nf-core/viralintegration: 403 Client Error: rate limit exceeded for url: https://api.github.com/repos/nf-core/viralintegration
2025-03-11 16:13:33,394 - ERROR - Error fetching GitHub repo https://github.com/dimiboeckaerts/BacteriophageHostPrediction: 403 Client Error: rate limit exceeded for url: https://api.github.com/repos/dimiboeckaerts/BacteriophageHostPrediction
2025-03-11 16:13:33,395 - ERROR - Error fetching GitHub repo https://github.com/JustineCharon/RdRp-scan/: 403 Client Error: rate limit exceeded for url: https://api.github.com/repos/JustineCharon/RdRp-scan
2025-03-11 16:13:33,397 - ERROR - Error fetching GitHub repo https://github.com/KennthShang/CHERRY: 403 Client Error: rate limit exceeded for url: https://api.github.com/repos/KennthShang/CHERRY
2025-03-11 16:13:33,491 - ERROR - Error fetching GitHub repo https://github.com/edzuf/CrisprOpenDB: 403 Client Error: rate limit exceeded for url: https://api.github.com/repos/edzuf/CrisprOpenDB
2025-03-11 16:13:34,052 - INFO - Progress: 60/126 repositories checked
2025-03-11 16:13:34,544 - ERROR - Error fetching GitHub repo https://github.com/KennthShang/HostG: 403 Client Error: rate limit exceeded for url: https://api.github.com/repos/KennthShang/HostG
2025-03-11 16:13:34,544 - ERROR - Error fetching GitHub repo https://github.com/deepomicslab/DeepHost: 403 Client Error: rate limit exceeded for url: https://api.github.com/repos/deepomicslab/DeepHost
2025-03-11 16:13:34,612 - ERROR - Error fetching GitHub repo https://github.com/julvi/HostPhinder: 403 Client Error: rate limit exceeded for url: https://api.github.com/repos/julvi/HostPhinder
2025-03-11 16:13:35,190 - ERROR - Error fetching GitHub repo https://github.com/liudan111/ILMF-VH: 403 Client Error: rate limit exceeded for url: https://api.github.com/repos/liudan111/ILMF-VH
2025-03-11 16:13:35,679 - ERROR - Error fetching GitHub repo https://github.com/RasmussenLab/iPHoP: 403 Client Error: rate limit exceeded for url: https://api.github.com/repos/RasmussenLab/iPHoP
2025-03-11 16:13:35,699 - ERROR - Error fetching GitHub repo https://github.com/wanchunnie/PB-LKS: 403 Client Error: rate limit exceeded for url: https://api.github.com/repos/wanchunnie/PB-LKS
2025-03-11 16:13:35,742 - ERROR - Error fetching GitHub repo https://github.com/dimiboeckaerts/PhageHostLearn: 403 Client Error: rate limit exceeded for url: https://api.github.com/repos/dimiboeckaerts/PhageHostLearn
2025-03-11 16:13:36,309 - ERROR - Error fetching GitHub repo https://github.com/andynet/pheri: 403 Client Error: rate limit exceeded for url: https://api.github.com/repos/andynet/pheri
2025-03-11 16:13:36,351 - ERROR - Error fetching GitHub repo https://github.com/BioMedicalBigDataMiningLab/PHIAF: 403 Client Error: rate limit exceeded for url: https://api.github.com/repos/BioMedicalBigDataMiningLab/PHIAF
2025-03-11 16:13:36,351 - INFO - Progress: 70/126 repositories checked
2025-03-11 16:13:36,800 - ERROR - Error fetching GitHub repo https://github.com/refresh-bio/phist: 403 Client Error: rate limit exceeded for url: https://api.github.com/repos/refresh-bio/phist
2025-03-11 16:13:36,829 - ERROR - Error fetching GitHub repo https://github.com/congyulu-bioinfo/PHP: 403 Client Error: rate limit exceeded for url: https://api.github.com/repos/congyulu-bioinfo/PHP
2025-03-11 16:13:36,861 - ERROR - Error fetching GitHub repo https://github.com/JunPeng-Zhong/PHPGCA: 403 Client Error: rate limit exceeded for url: https://api.github.com/repos/JunPeng-Zhong/PHPGCA
2025-03-11 16:13:37,423 - ERROR - Error fetching GitHub repo https://github.com/xialab-ahu/PredPHI: 403 Client Error: rate limit exceeded for url: https://api.github.com/repos/xialab-ahu/PredPHI
2025-03-11 16:13:37,475 - ERROR - Error fetching GitHub repo https://github.com/flomock/vidhop: 403 Client Error: rate limit exceeded for url: https://api.github.com/repos/flomock/vidhop
2025-03-11 16:13:37,913 - ERROR - Error fetching GitHub repo https://github.com/jessieren/VirHostMatcher: 403 Client Error: rate limit exceeded for url: https://api.github.com/repos/jessieren/VirHostMatcher
2025-03-11 16:13:37,955 - ERROR - Error fetching GitHub repo https://github.com/WeiliWw/VirHostMatcher-Net: 403 Client Error: rate limit exceeded for url: https://api.github.com/repos/WeiliWw/VirHostMatcher-Net
2025-03-11 16:13:38,580 - ERROR - Error fetching GitHub repo https://github.com/youngfran/virus_host_predict: 403 Client Error: rate limit exceeded for url: https://api.github.com/repos/youngfran/virus_host_predict
2025-03-11 16:13:38,624 - ERROR - Error fetching GitHub repo https://github.com/soedinglab/WIsH: 403 Client Error: rate limit exceeded for url: https://api.github.com/repos/soedinglab/WIsH
2025-03-11 16:13:38,624 - INFO - Progress: 80/126 repositories checked
2025-03-11 16:13:39,041 - ERROR - Error fetching GitHub repo https://github.com/WrightonLabCSU/DRAM: 403 Client Error: rate limit exceeded for url: https://api.github.com/repos/WrightonLabCSU/DRAM
2025-03-11 16:13:39,067 - ERROR - Error fetching GitHub repo https://github.com/raw-lab/MetaCerberus: 403 Client Error: rate limit exceeded for url: https://api.github.com/repos/raw-lab/MetaCerberus
2025-03-11 16:13:39,212 - ERROR - Error fetching GitHub repo https://github.com/Adrian-Cantu/PhANNs: 403 Client Error: rate limit exceeded for url: https://api.github.com/repos/Adrian-Cantu/PhANNs
2025-03-11 16:13:39,710 - ERROR - Error fetching GitHub repo https://github.com/gbouras13/pharokka: 403 Client Error: rate limit exceeded for url: https://api.github.com/repos/gbouras13/pharokka
2025-03-11 16:13:39,746 - ERROR - Error fetching GitHub repo https://github.com/ablab/spades/tree/metaviral_publication: 403 Client Error: rate limit exceeded for url: https://api.github.com/repos/ablab/spades
2025-03-11 16:13:40,147 - ERROR - Error fetching GitHub repo https://github.com/ablab/spades/tree/metaviral_publication: 403 Client Error: rate limit exceeded for url: https://api.github.com/repos/ablab/spades
2025-03-11 16:13:40,187 - ERROR - Error fetching GitHub repo https://github.com/pauloluniyi/VGEA: 403 Client Error: rate limit exceeded for url: https://api.github.com/repos/pauloluniyi/VGEA
2025-03-11 16:13:40,840 - ERROR - Error fetching GitHub repo https://github.com/ablab/viralComplete/: 403 Client Error: rate limit exceeded for url: https://api.github.com/repos/ablab/viralComplete
2025-03-11 16:13:40,877 - ERROR - Error fetching GitHub repo https://github.com/ablab/viralVerify/: 403 Client Error: rate limit exceeded for url: https://api.github.com/repos/ablab/viralVerify
2025-03-11 16:13:40,878 - INFO - Progress: 90/126 repositories checked
2025-03-11 16:13:41,263 - ERROR - Error fetching GitHub repo https://github.com/carolzhou/multiPhATE: 403 Client Error: rate limit exceeded for url: https://api.github.com/repos/carolzhou/multiPhATE
2025-03-11 16:13:41,314 - ERROR - Error fetching GitHub repo https://github.com/f-kretschmer/bertax: 403 Client Error: rate limit exceeded for url: https://api.github.com/repos/f-kretschmer/bertax
2025-03-11 16:13:41,539 - ERROR - Error fetching GitHub repo https://github.com/PAiewsakun/GRAViTy: 403 Client Error: rate limit exceeded for url: https://api.github.com/repos/PAiewsakun/GRAViTy
2025-03-11 16:13:41,956 - ERROR - Error fetching GitHub repo https://github.com/KennthShang/PhaGCN: 403 Client Error: rate limit exceeded for url: https://api.github.com/repos/KennthShang/PhaGCN
2025-03-11 16:13:42,425 - ERROR - Error fetching GitHub repo https://github.com/yosuken/ViPTreeGen: 403 Client Error: rate limit exceeded for url: https://api.github.com/repos/yosuken/ViPTreeGen
2025-03-11 16:13:42,662 - ERROR - Error fetching GitHub repo https://github.com/EBI-Metagenomics/emg-viral-pipeline: 403 Client Error: rate limit exceeded for url: https://api.github.com/repos/EBI-Metagenomics/emg-viral-pipeline
2025-03-11 16:13:43,074 - ERROR - Error fetching GitHub repo https://github.com/nahid18/virustaxo-wf: 403 Client Error: rate limit exceeded for url: https://api.github.com/repos/nahid18/virustaxo-wf
2025-03-11 16:13:43,206 - ERROR - Error fetching GitHub repo https://github.com/biocom-uib/vpf-tools: 403 Client Error: rate limit exceeded for url: https://api.github.com/repos/biocom-uib/vpf-tools
2025-03-11 16:13:43,207 - INFO - Progress: 100/126 repositories checked
2025-03-11 16:13:43,554 - ERROR - Error fetching GitHub repo https://github.com/medvir/VirMet: 403 Client Error: rate limit exceeded for url: https://api.github.com/repos/medvir/VirMet
2025-03-11 16:13:43,586 - ERROR - Error fetching GitHub repo https://github.com/viralemergence/virion: 403 Client Error: rate limit exceeded for url: https://api.github.com/repos/viralemergence/virion
2025-03-11 16:13:43,772 - ERROR - Error fetching GitHub repo https://github.com/chasewnelson/OLGenie: 403 Client Error: rate limit exceeded for url: https://api.github.com/repos/chasewnelson/OLGenie
2025-03-11 16:13:44,230 - ERROR - Error fetching GitHub repo https://github.com/chasewnelson/snpgenie: 403 Client Error: rate limit exceeded for url: https://api.github.com/repos/chasewnelson/snpgenie
2025-03-11 16:13:44,332 - ERROR - Error fetching GitHub repo https://github.com/chasewnelson/VCFgenie: 403 Client Error: rate limit exceeded for url: https://api.github.com/repos/chasewnelson/VCFgenie
2025-03-11 16:13:44,681 - ERROR - Error fetching GitHub repo https://github.com/PathoGenOmics-Lab/VIPERA: 403 Client Error: rate limit exceeded for url: https://api.github.com/repos/PathoGenOmics-Lab/VIPERA
2025-03-11 16:13:44,702 - ERROR - Error fetching GitHub repo https://github.com/adamhockenberry/bacphlip: 403 Client Error: rate limit exceeded for url: https://api.github.com/repos/adamhockenberry/bacphlip
2025-03-11 16:13:44,923 - ERROR - Error fetching GitHub repo https://github.com/deprekate/PHACTS: 403 Client Error: rate limit exceeded for url: https://api.github.com/repos/deprekate/PHACTS
2025-03-11 16:13:45,361 - ERROR - Error fetching GitHub repo https://github.com/deprekate/PHANOTATE: 403 Client Error: rate limit exceeded for url: https://api.github.com/repos/deprekate/PHANOTATE
2025-03-11 16:13:45,433 - ERROR - Error fetching GitHub repo https://github.com/nlm-irp-jianglab/SpikeHunter: 429 Client Error: too many requests for url: https://api.github.com/repos/nlm-irp-jianglab/SpikeHunter
2025-03-11 16:13:45,433 - INFO - Progress: 110/126 repositories checked
2025-03-11 16:13:45,809 - ERROR - Error fetching GitHub repo https://github.com/soedinglab/spacepharer: 429 Client Error: too many requests for url: https://api.github.com/repos/soedinglab/spacepharer
2025-03-11 16:13:45,810 - ERROR - Error fetching GitHub repo https://github.com/alematia/MaGplotR: 429 Client Error: too many requests for url: https://api.github.com/repos/alematia/MaGplotR
2025-03-11 16:13:46,063 - ERROR - Error fetching GitHub repo https://github.com/niemasd/ViralMSA: 429 Client Error: too many requests for url: https://api.github.com/repos/niemasd/ViralMSA
2025-03-11 16:13:46,474 - ERROR - Error fetching GitHub repo https://github.com/linsalrob/genetic_codes/: 429 Client Error: too many requests for url: https://api.github.com/repos/linsalrob/genetic_codes
2025-03-11 16:13:46,555 - ERROR - Error fetching GitHub repo https://github.com/ellinium/plaque_size_tool: 429 Client Error: too many requests for url: https://api.github.com/repos/ellinium/plaque_size_tool
2025-03-11 16:13:47,026 - ERROR - Error fetching GitHub repo https://github.com/niemasd/FAVITES: 429 Client Error: too many requests for url: https://api.github.com/repos/niemasd/FAVITES
2025-03-11 16:13:47,179 - ERROR - Error fetching GitHub repo https://github.com/SegataLab/viromeqc: 429 Client Error: too many requests for url: https://api.github.com/repos/SegataLab/viromeqc
2025-03-11 16:13:47,590 - ERROR - Error fetching GitHub repo https://github.com/Aveglia/vAMPirus: 429 Client Error: too many requests for url: https://api.github.com/repos/Aveglia/vAMPirus
2025-03-11 16:13:47,681 - ERROR - Error fetching GitHub repo https://github.com/linxingchen/cobra: 429 Client Error: too many requests for url: https://api.github.com/repos/linxingchen/cobra
2025-03-11 16:13:47,681 - INFO - Progress: 120/126 repositories checked
2025-03-11 16:13:48,154 - ERROR - Error fetching GitHub repo https://github.com/Vini2/phables: 429 Client Error: too many requests for url: https://api.github.com/repos/Vini2/phables
2025-03-11 16:13:48,224 - ERROR - Error fetching GitHub repo https://github.com/metagentools/VStrains: 429 Client Error: too many requests for url: https://api.github.com/repos/metagentools/VStrains
2025-03-11 16:13:48,323 - ERROR - Error fetching GitHub repo https://github.com/QData/DeepVHPPI: 429 Client Error: too many requests for url: https://api.github.com/repos/QData/DeepVHPPI
2025-03-11 16:13:48,708 - ERROR - Error fetching GitHub repo https://github.com/raghavagps/phagetb: 429 Client Error: too many requests for url: https://api.github.com/repos/raghavagps/phagetb
2025-03-11 16:13:48,815 - ERROR - Error fetching GitHub repo https://github.com/martaS95/PhagePromoter: 429 Client Error: too many requests for url: https://api.github.com/repos/martaS95/PhagePromoter
2025-03-11 16:13:52,210 - INFO - Progress: 126/126 repositories checked
2025-03-11 16:13:52,211 - INFO - Found update times for 26/126 repositories
2025-03-11 16:13:52,211 - INFO - Found 0 unavailable repositories
2025-03-11 16:13:52,211 - INFO - Encountered errors with 97 repositories
2025-03-11 16:13:52,220 - INFO - README updated with repository information
2025-03-11 16:13:52,220 - INFO - Created unavailable_repos.md with 0 unavailable repositories
2025-03-11 16:13:52,222 - INFO - Results saved to repo_updates.json
2025-03-11 16:18:33,486 - WARNING - GITHUB_TOKEN environment variable not set. Rate limiting will be more restrictive.
2025-03-11 16:18:33,486 - INFO - Extracting repositories from /Users/scott/gdrive/ghpages/awesome-virome/README.md...
2025-03-11 16:18:33,486 - INFO - Found 126 repository URLs in the README
2025-03-11 16:18:33,486 - INFO - Processing batch 1/13 (10 repos)
2025-03-11 16:18:33,486 - INFO - Fetching GitHub repo: mtisza1/Cenote-Taker3
2025-03-11 16:18:33,696 - INFO - Processed Cenote-Taker 3 (https://github.com/mtisza1/Cenote-Taker3)
2025-03-11 16:18:35,491 - INFO - Fetching GitHub repo: mtisza1/Cenote-Taker2
2025-03-11 16:18:35,492 - INFO - Fetching GitHub repo: Puumanamana/CoCoNet
2025-03-11 16:18:35,492 - INFO - Fetching GitHub repo: dcarrillox/CrassUS
2025-03-11 16:18:35,671 - INFO - Processed CoCoNet (https://github.com/Puumanamana/CoCoNet)
2025-03-11 16:18:35,713 - INFO - Processed crassus (https://github.com/dcarrillox/CrassUS)
2025-03-11 16:18:35,739 - INFO - Processed Cenote-Taker 2 (https://github.com/mtisza1/Cenote-Taker2)
2025-03-11 16:18:37,493 - INFO - Fetching GitHub repo: HIT-ImmunologyLab/DBSCAN-SWA
2025-03-11 16:18:37,497 - INFO - Fetching GitHub repo: janfelix/Deep6
2025-03-11 16:18:37,497 - INFO - Fetching GitHub repo: jessieren/DeepVirFinder
2025-03-11 16:18:37,686 - INFO - Processed Deep6 (https://github.com/janfelix/Deep6)
2025-03-11 16:18:37,696 - INFO - Processed DBSCAN-SWA (https://github.com/HIT-ImmunologyLab/DBSCAN-SWA/)
2025-03-11 16:18:37,702 - INFO - Processed DeepVirFinder (https://github.com/jessieren/DeepVirFinder)
2025-03-11 16:18:39,498 - INFO - Fetching GitHub repo: chg60/DEPhT
2025-03-11 16:18:39,502 - INFO - Fetching GitHub repo: shandley/hecatomb
2025-03-11 16:18:39,502 - INFO - Fetching GitHub repo: plaffy/HoloVir
2025-03-11 16:18:39,667 - INFO - Processed hecatomb (https://github.com/shandley/hecatomb)
2025-03-11 16:18:39,681 - INFO - Processed DePhT (https://github.com/chg60/DEPhT)
2025-03-11 16:18:39,757 - INFO - Processed HoloVir (https://github.com/plaffy/HoloVir)
2025-03-11 16:18:39,758 - INFO - Waiting 15 seconds before processing next batch...
2025-03-11 16:18:54,763 - INFO - Processing batch 2/13 (10 repos)
2025-03-11 16:18:54,765 - INFO - Fetching GitHub repo: Celestial-Bai/INHERIT
2025-03-11 16:18:54,984 - INFO - Processed INHERIT (https://github.com/Celestial-Bai/INHERIT)
2025-03-11 16:18:56,766 - INFO - Fetching GitHub repo: Yasas1994/Jaeger
2025-03-11 16:18:56,770 - INFO - Fetching GitHub repo: INSaFLU/INSaFLU
2025-03-11 16:18:56,770 - INFO - Fetching GitHub repo: szsctt/intvi_other-tools
2025-03-11 16:18:56,980 - INFO - Processed Jaeger (https://github.com/Yasas1994/Jaeger)
2025-03-11 16:18:56,984 - INFO - Processed isling (https://github.com/szsctt/intvi_other-tools)
2025-03-11 16:18:56,988 - INFO - Processed INSaFLU-TELEVIR (https://github.com/INSaFLU/INSaFLU)
2025-03-11 16:18:58,776 - INFO - Fetching GitHub repo: vanessajurtz/MetaPhinder
2025-03-11 16:18:58,780 - INFO - Fetching GitHub repo: LaboratorioBioinformatica/MARVEL
2025-03-11 16:18:58,780 - INFO - Fetching GitHub repo: DennisSchmitz/Jovian
2025-03-11 16:18:58,937 - INFO - Processed MetaPhinder (https://github.com/vanessajurtz/MetaPhinder)
2025-03-11 16:18:58,944 - INFO - Processed Jovian (https://github.com/DennisSchmitz/Jovian)
2025-03-11 16:18:58,983 - INFO - Processed MARVEL (https://github.com/LaboratorioBioinformatica/MARVEL)
2025-03-11 16:19:00,785 - INFO - Fetching GitHub repo: sxh1136/Phage_tools
2025-03-11 16:19:00,786 - INFO - Fetching GitHub repo: RasmussenLab/phamb
2025-03-11 16:19:00,786 - INFO - Fetching GitHub repo: biobakery/MetaPhlAn
2025-03-11 16:19:00,956 - INFO - Processed Phage tools (https://github.com/sxh1136/Phage_tools)
2025-03-11 16:19:00,981 - INFO - Processed MetaPhlAn 4.1.0 (https://github.com/biobakery/MetaPhlAn/releases/tag/4.1.0)
2025-03-11 16:19:00,981 - INFO - Processed PHAMB (https://github.com/RasmussenLab/phamb)
2025-03-11 16:19:00,981 - INFO - Waiting 15 seconds before processing next batch...
2025-03-11 16:19:15,986 - INFO - Processing batch 3/13 (10 repos)
2025-03-11 16:19:15,987 - INFO - Fetching GitHub repo: jondeaton/PhaMers
2025-03-11 16:19:16,170 - INFO - Processed phaMers (https://github.com/jondeaton/PhaMers)
2025-03-11 16:19:17,988 - INFO - Fetching GitHub repo: BenMinch/PIGv
2025-03-11 16:19:17,988 - INFO - Fetching GitHub repo: bhattlab/phanta
2025-03-11 16:19:17,992 - INFO - Fetching GitHub repo: zhenchengfang/PPR-Meta
2025-03-11 16:19:18,166 - INFO - Processed PPR-Meta (https://github.com/zhenchengfang/PPR-Meta)
2025-03-11 16:19:18,172 - INFO - Processed Phanta (https://github.com/bhattlab/phanta)
2025-03-11 16:19:18,181 - INFO - Processed PIGv (https://github.com/BenMinch/PIGv)
2025-03-11 16:19:19,997 - INFO - Fetching GitHub repo: AnantharamanLab/VIBRANT
2025-03-11 16:19:19,998 - INFO - Fetching GitHub repo: gussow/seeker
2025-03-11 16:19:19,998 - INFO - Fetching GitHub repo: liuql2019/VFM
2025-03-11 16:19:20,200 - INFO - Processed Seeker (https://github.com/gussow/seeker)
2025-03-11 16:19:20,225 - INFO - Processed VFM (https://github.com/liuql2019/VFM)
2025-03-11 16:19:20,225 - INFO - Processed VIBRANT (https://github.com/AnantharamanLab/VIBRANT)
2025-03-11 16:19:22,000 - INFO - Fetching GitHub repo: viralInformatics/VIGA
2025-03-11 16:19:22,001 - INFO - Fetching GitHub repo: keylabivdc/VIP
2025-03-11 16:19:22,001 - INFO - Fetching GitHub repo: dyxstat/ViralCC
2025-03-11 16:19:22,182 - INFO - Processed ViralCC (https://github.com/dyxstat/ViralCC)
2025-03-11 16:19:22,183 - INFO - Processed VIGA (https://github.com/viralInformatics/VIGA)
2025-03-11 16:19:22,256 - INFO - Processed VIP (https://github.com/keylabivdc/VIP/)
2025-03-11 16:19:22,256 - INFO - Waiting 15 seconds before processing next batch...
2025-03-11 16:19:37,262 - INFO - Processing batch 4/13 (10 repos)
2025-03-11 16:19:37,264 - INFO - Fetching GitHub repo: niemasd/ViralConsensus
2025-03-11 16:19:37,469 - INFO - Processed ViralConsensus (https://github.com/niemasd/ViralConsensus)
2025-03-11 16:19:39,269 - INFO - Fetching GitHub repo: NeuroCSUT/ViraMiner
2025-03-11 16:19:39,274 - INFO - Fetching GitHub repo: wclose/viralMetagenomicsPipeline
2025-03-11 16:19:39,275 - INFO - Fetching GitHub repo: marieBvr/virAnnot
2025-03-11 16:19:39,459 - INFO - Processed viralMetagenomicsPipeline (https://github.com/wclose/viralMetagenomicsPipeline)
2025-03-11 16:19:39,477 - INFO - Processed viraMiner (https://github.com/NeuroCSUT/ViraMiner)
2025-03-11 16:19:39,507 - INFO - Processed virAnnot (https://github.com/marieBvr/virAnnot)
2025-03-11 16:19:41,280 - INFO - Fetching GitHub repo: cbib/virhunter
2025-03-11 16:19:41,281 - INFO - Fetching GitHub repo: thatzopoulos/virMine
2025-03-11 16:19:41,281 - INFO - Fetching GitHub repo: jessieren/VirFinder
2025-03-11 16:19:41,392 - WARNING - GitHub API rate limit exceeded. Reset at 2025-03-11 16:44:21. Waiting 1479.607666 seconds.
2025-03-11 16:19:41,392 - WARNING - GitHub API rate limit exceeded. Reset at 2025-03-11 16:44:21. Waiting 1479.607208 seconds.
2025-03-11 16:19:41,397 - WARNING - GitHub API rate limit exceeded. Reset at 2025-03-11 16:44:21. Waiting 1479.602965 seconds.
2025-03-11 16:24:22,823 - WARNING - GITHUB_TOKEN environment variable not set. Rate limiting will be more restrictive.
2025-03-11 16:24:22,823 - INFO - Extracting repositories from /Users/scott/gdrive/ghpages/awesome-virome/README.md...
2025-03-11 16:24:22,823 - INFO - Found 126 repository URLs in the README
2025-03-11 16:24:22,823 - INFO - Processing batch 1/13 (10 repos)
2025-03-11 16:24:22,824 - INFO - Fetching GitHub repo: mtisza1/Cenote-Taker3
2025-03-11 16:24:22,938 - WARNING - GitHub API rate limit exceeded. Reset at 2025-03-11 16:25:27. Waiting 64.061779 seconds.
2025-03-11 16:24:24,829 - INFO - Fetching GitHub repo: Puumanamana/CoCoNet
2025-03-11 16:24:24,830 - INFO - Fetching GitHub repo: mtisza1/Cenote-Taker2
2025-03-11 16:24:24,960 - WARNING - GitHub API rate limit exceeded. Reset at 2025-03-11 16:25:27. Waiting 62.039667 seconds.
2025-03-11 16:24:24,961 - WARNING - GitHub API rate limit exceeded. Reset at 2025-03-11 16:25:27. Waiting 62.038092 seconds.
2025-03-11 17:39:43,699 - WARNING - GITHUB_TOKEN environment variable not set. Rate limiting will be more restrictive.
2025-03-11 17:39:43,699 - INFO - Extracting repositories from /Users/scott/gdrive/ghpages/awesome-virome/README.md...
2025-03-11 17:39:43,700 - INFO - Found 126 repository URLs in the README
2025-03-11 17:39:43,700 - INFO - Processing batch 1/13 (10 repos)
2025-03-11 17:39:43,700 - INFO - Fetching GitHub repo: mtisza1/Cenote-Taker3
2025-03-11 17:39:43,969 - INFO - Processed Cenote-Taker 3 (https://github.com/mtisza1/Cenote-Taker3)
2025-03-11 17:39:45,702 - INFO - Fetching GitHub repo: dcarrillox/CrassUS
2025-03-11 17:39:45,703 - INFO - Fetching GitHub repo: Puumanamana/CoCoNet
2025-03-11 17:39:45,706 - INFO - Fetching GitHub repo: mtisza1/Cenote-Taker2
2025-03-11 17:39:45,960 - INFO - Processed CoCoNet (https://github.com/Puumanamana/CoCoNet)
2025-03-11 17:39:45,960 - INFO - Processed crassus (https://github.com/dcarrillox/CrassUS)
2025-03-11 17:39:46,019 - INFO - Processed Cenote-Taker 2 (https://github.com/mtisza1/Cenote-Taker2)
2025-03-11 17:39:47,711 - INFO - Fetching GitHub repo: jessieren/DeepVirFinder
2025-03-11 17:39:47,712 - INFO - Fetching GitHub repo: janfelix/Deep6
2025-03-11 17:39:47,712 - INFO - Fetching GitHub repo: HIT-ImmunologyLab/DBSCAN-SWA
2025-03-11 17:39:48,128 - INFO - Processed DeepVirFinder (https://github.com/jessieren/DeepVirFinder)
2025-03-11 17:39:48,128 - INFO - Processed Deep6 (https://github.com/janfelix/Deep6)
2025-03-11 17:39:48,128 - INFO - Processed DBSCAN-SWA (https://github.com/HIT-ImmunologyLab/DBSCAN-SWA/)
2025-03-11 17:39:49,718 - INFO - Fetching GitHub repo: plaffy/HoloVir
2025-03-11 17:39:49,718 - INFO - Fetching GitHub repo: shandley/hecatomb
2025-03-11 17:39:49,718 - INFO - Fetching GitHub repo: chg60/DEPhT
2025-03-11 17:39:50,403 - INFO - Processed hecatomb (https://github.com/shandley/hecatomb)
2025-03-11 17:39:50,558 - INFO - Processed DePhT (https://github.com/chg60/DEPhT)
2025-03-11 17:39:50,558 - INFO - Processed HoloVir (https://github.com/plaffy/HoloVir)
2025-03-11 17:39:50,558 - INFO - Waiting 15 seconds before processing next batch...
2025-03-11 17:40:05,563 - INFO - Processing batch 2/13 (10 repos)
2025-03-11 17:40:05,565 - INFO - Fetching GitHub repo: Celestial-Bai/INHERIT
2025-03-11 17:40:07,570 - INFO - Fetching GitHub repo: INSaFLU/INSaFLU
2025-03-11 17:40:07,574 - INFO - Fetching GitHub repo: szsctt/intvi_other-tools
2025-03-11 17:40:08,079 - INFO - Processed isling (https://github.com/szsctt/intvi_other-tools)
2025-03-11 17:40:08,080 - INFO - Processed INHERIT (https://github.com/Celestial-Bai/INHERIT)
2025-03-11 17:40:08,087 - INFO - Processed INSaFLU-TELEVIR (https://github.com/INSaFLU/INSaFLU)
2025-03-11 17:40:09,577 - INFO - Fetching GitHub repo: LaboratorioBioinformatica/MARVEL
2025-03-11 17:40:09,578 - INFO - Fetching GitHub repo: Yasas1994/Jaeger
2025-03-11 17:40:09,580 - INFO - Fetching GitHub repo: DennisSchmitz/Jovian
2025-03-11 17:40:10,923 - INFO - Processed Jaeger (https://github.com/Yasas1994/Jaeger)
2025-03-11 17:40:10,923 - INFO - Processed Jovian (https://github.com/DennisSchmitz/Jovian)
2025-03-11 17:40:11,140 - INFO - Processed MARVEL (https://github.com/LaboratorioBioinformatica/MARVEL)
2025-03-11 17:40:11,586 - INFO - Fetching GitHub repo: biobakery/MetaPhlAn
2025-03-11 17:40:11,586 - INFO - Fetching GitHub repo: vanessajurtz/MetaPhinder
2025-03-11 17:40:11,586 - INFO - Fetching GitHub repo: sxh1136/Phage_tools
2025-03-11 17:40:11,966 - INFO - Processed Phage tools (https://github.com/sxh1136/Phage_tools)
2025-03-11 17:40:11,968 - INFO - Processed MetaPhlAn 4.1.0 (https://github.com/biobakery/MetaPhlAn/releases/tag/4.1.0)
2025-03-11 17:40:11,990 - INFO - Processed MetaPhinder (https://github.com/vanessajurtz/MetaPhinder)
2025-03-11 17:40:13,592 - INFO - Fetching GitHub repo: RasmussenLab/phamb
2025-03-11 17:40:14,211 - INFO - Processed PHAMB (https://github.com/RasmussenLab/phamb)
2025-03-11 17:40:14,215 - INFO - Waiting 15 seconds before processing next batch...
2025-03-11 17:40:29,221 - INFO - Processing batch 3/13 (10 repos)
2025-03-11 17:40:29,222 - INFO - Fetching GitHub repo: jondeaton/PhaMers
2025-03-11 17:40:30,045 - INFO - Processed phaMers (https://github.com/jondeaton/PhaMers)
2025-03-11 17:40:31,223 - INFO - Fetching GitHub repo: zhenchengfang/PPR-Meta
2025-03-11 17:40:31,227 - INFO - Fetching GitHub repo: BenMinch/PIGv
2025-03-11 17:40:31,228 - INFO - Fetching GitHub repo: bhattlab/phanta
2025-03-11 17:40:31,507 - INFO - Processed PIGv (https://github.com/BenMinch/PIGv)
2025-03-11 17:40:31,531 - INFO - Processed PPR-Meta (https://github.com/zhenchengfang/PPR-Meta)
2025-03-11 17:40:31,690 - INFO - Processed Phanta (https://github.com/bhattlab/phanta)
2025-03-11 17:40:33,233 - INFO - Fetching GitHub repo: liuql2019/VFM
2025-03-11 17:40:33,233 - INFO - Fetching GitHub repo: gussow/seeker
2025-03-11 17:40:33,233 - INFO - Fetching GitHub repo: AnantharamanLab/VIBRANT
2025-03-11 17:40:33,489 - INFO - Processed VFM (https://github.com/liuql2019/VFM)
2025-03-11 17:40:33,498 - INFO - Processed Seeker (https://github.com/gussow/seeker)
2025-03-11 17:40:33,511 - INFO - Processed VIBRANT (https://github.com/AnantharamanLab/VIBRANT)
2025-03-11 17:40:35,236 - INFO - Fetching GitHub repo: viralInformatics/VIGA
2025-03-11 17:40:35,239 - INFO - Fetching GitHub repo: dyxstat/ViralCC
2025-03-11 17:40:35,240 - INFO - Fetching GitHub repo: keylabivdc/VIP
2025-03-11 17:40:35,493 - INFO - Processed ViralCC (https://github.com/dyxstat/ViralCC)
2025-03-11 17:40:35,847 - INFO - Processed VIP (https://github.com/keylabivdc/VIP/)
2025-03-11 17:40:35,855 - INFO - Processed VIGA (https://github.com/viralInformatics/VIGA)
2025-03-11 17:40:35,856 - INFO - Waiting 15 seconds before processing next batch...
2025-03-11 17:40:50,862 - INFO - Processing batch 4/13 (10 repos)
2025-03-11 17:40:50,863 - INFO - Fetching GitHub repo: niemasd/ViralConsensus
2025-03-11 17:40:51,108 - INFO - Processed ViralConsensus (https://github.com/niemasd/ViralConsensus)
2025-03-11 17:40:52,867 - INFO - Fetching GitHub repo: marieBvr/virAnnot
2025-03-11 17:40:52,868 - INFO - Fetching GitHub repo: wclose/viralMetagenomicsPipeline
2025-03-11 17:40:52,870 - INFO - Fetching GitHub repo: NeuroCSUT/ViraMiner
2025-03-11 17:40:53,119 - INFO - Processed viralMetagenomicsPipeline (https://github.com/wclose/viralMetagenomicsPipeline)
2025-03-11 17:40:53,124 - INFO - Processed virAnnot (https://github.com/marieBvr/virAnnot)
2025-03-11 17:40:53,150 - INFO - Processed viraMiner (https://github.com/NeuroCSUT/ViraMiner)
2025-03-11 17:40:54,874 - INFO - Fetching GitHub repo: jessieren/VirFinder
2025-03-11 17:40:54,878 - INFO - Fetching GitHub repo: cbib/virhunter
2025-03-11 17:40:54,878 - INFO - Fetching GitHub repo: thatzopoulos/virMine
2025-03-11 17:40:55,112 - INFO - Processed VirFinder (https://github.com/jessieren/VirFinder)
2025-03-11 17:40:55,123 - INFO - Processed Virhunter (https://github.com/cbib/virhunter)
2025-03-11 17:40:55,229 - INFO - Processed VirMine (https://github.com/thatzopoulos/virMine)
2025-03-11 17:40:56,881 - INFO - Fetching GitHub repo: TingtZHENG/VirMiner
2025-03-11 17:40:56,881 - INFO - Fetching GitHub repo: alyosama/virnet
2025-03-11 17:40:56,883 - INFO - Fetching GitHub repo: deng-lab/viroprofiler
2025-03-11 17:40:57,122 - INFO - Processed ViroProfiler (https://github.com/deng-lab/viroprofiler)
2025-03-11 17:40:57,123 - INFO - Processed virMiner (https://github.com/TingtZHENG/VirMiner)
2025-03-11 17:40:57,123 - INFO - Processed VirNet (https://github.com/alyosama/virnet)
2025-03-11 17:40:57,124 - INFO - Waiting 15 seconds before processing next batch...
2025-03-11 17:41:12,129 - INFO - Processing batch 5/13 (10 repos)
2025-03-11 17:41:12,131 - INFO - Fetching GitHub repo: simroux/VirSorter
2025-03-11 17:41:12,134 - INFO - Fetching Bitbucket repo: MAVERICLab/virsorter2
2025-03-11 17:41:13,575 - INFO - Processed VirSorter (https://github.com/simroux/VirSorter)
2025-03-11 17:41:13,622 - INFO - Processed VirSorter2 (https://bitbucket.org/MAVERICLab/virsorter2/)
2025-03-11 17:41:14,131 - INFO - Fetching GitHub repo: yyoshiaki/VIRTUS
2025-03-11 17:41:14,136 - INFO - Fetching GitHub repo: crazyinter/Seq2Vec
2025-03-11 17:41:14,136 - INFO - Fetching GitHub repo: rujinlong/virus_prediction
2025-03-11 17:41:15,522 - WARNING - Repository not found: https://github.com/rujinlong/virus_prediction
2025-03-11 17:41:15,523 - INFO - Processed virus_prediction (https://github.com/rujinlong/virus_prediction)
2025-03-11 17:41:15,562 - INFO - Processed Virtifier (https://github.com/crazyinter/Seq2Vec)
2025-03-11 17:41:15,567 - INFO - Processed Virtus (https://github.com/yyoshiaki/VIRTUS)
2025-03-11 17:41:16,142 - INFO - Fetching GitHub repo: replikation/What_the_Phage
2025-03-11 17:41:16,142 - INFO - Fetching GitHub repo: AnantharamanLab/vRhyme
2025-03-11 17:41:16,142 - INFO - Fetching GitHub repo: NCBI-Hackathons/ViruSpy
2025-03-11 17:41:17,445 - INFO - Processed ViruSpy (https://github.com/NCBI-Hackathons/ViruSpy)
2025-03-11 17:41:17,455 - INFO - Processed What_the_phage (https://github.com/replikation/What_the_Phage)
2025-03-11 17:41:17,460 - INFO - Processed vRhyme (https://github.com/AnantharamanLab/vRhyme)
2025-03-11 17:41:18,147 - INFO - Fetching GitHub repo: apcamargo/genomad
2025-03-11 17:41:18,148 - INFO - Fetching GitHub repo: Chrisjrt/hafeZ
2025-03-11 17:41:19,361 - INFO - Processed geNomad (https://github.com/apcamargo/genomad)
2025-03-11 17:41:19,415 - INFO - Processed hafeZ (https://github.com/Chrisjrt/hafeZ)
2025-03-11 17:41:19,415 - INFO - Waiting 15 seconds before processing next batch...
2025-03-11 17:41:34,421 - INFO - Processing batch 6/13 (10 repos)
2025-03-11 17:41:34,423 - INFO - Fetching GitHub repo: bobeobibo/phigaro
2025-03-11 17:41:36,300 - INFO - Processed Phigaro (https://github.com/bobeobibo/phigaro)
2025-03-11 17:41:36,423 - INFO - Fetching GitHub repo: rcs333/VAPiD
2025-03-11 17:41:36,428 - INFO - Fetching GitHub repo: jaumlrc/ProphET
2025-03-11 17:41:36,430 - INFO - Fetching GitHub repo: linsalrob/PhiSpy
2025-03-11 17:41:36,970 - INFO - Processed Prophet (https://github.com/jaumlrc/ProphET)
2025-03-11 17:41:36,971 - INFO - Processed VAPiD (https://github.com/rcs333/VAPiD)
2025-03-11 17:41:36,990 - INFO - Processed PhiSpy (https://github.com/linsalrob/PhiSpy)
2025-03-11 17:41:38,436 - INFO - Fetching GitHub repo: dimiboeckaerts/BacteriophageHostPrediction
2025-03-11 17:41:38,436 - INFO - Fetching GitHub repo: JustineCharon/RdRp-scan
2025-03-11 17:41:38,436 - INFO - Fetching GitHub repo: nf-core/viralintegration
2025-03-11 17:41:38,769 - INFO - Processed BacteriophageHostPrediction (https://github.com/dimiboeckaerts/BacteriophageHostPrediction)
2025-03-11 17:41:38,769 - INFO - Processed RdRp-scan (https://github.com/JustineCharon/RdRp-scan/)
2025-03-11 17:41:38,785 - INFO - Fetching GitLab repo: dacs-hpi/deepac
2025-03-11 17:41:38,786 - INFO - Processed viralintegration (https://github.com/nf-core/viralintegration)
2025-03-11 17:41:39,587 - INFO - Processed DeePaC (https://gitlab.com/dacs-hpi/deepac)
2025-03-11 17:41:40,442 - INFO - Fetching GitHub repo: edzuf/CrisprOpenDB
2025-03-11 17:41:40,442 - INFO - Fetching GitHub repo: KennthShang/CHERRY
2025-03-11 17:41:41,434 - INFO - Processed CHERRY (https://github.com/KennthShang/CHERRY)
2025-03-11 17:41:41,439 - INFO - Processed CrisprOpenDB (https://github.com/edzuf/CrisprOpenDB)
2025-03-11 17:41:41,440 - INFO - Waiting 15 seconds before processing next batch...
2025-03-11 17:41:56,445 - INFO - Processing batch 7/13 (10 repos)
2025-03-11 17:41:56,447 - INFO - Fetching GitLab repo: dacs-hpi/deepac-live
2025-03-11 17:41:56,450 - INFO - Fetching GitHub repo: deepomicslab/DeepHost
2025-03-11 17:41:56,740 - INFO - Processed DeepHost (https://github.com/deepomicslab/DeepHost)
2025-03-11 17:41:57,494 - INFO - Processed DeePaC-Live (https://gitlab.com/dacs-hpi/deepac-live)
2025-03-11 17:41:58,455 - INFO - Fetching GitHub repo: julvi/HostPhinder
2025-03-11 17:41:58,456 - INFO - Fetching GitHub repo: KennthShang/HostG
2025-03-11 17:41:58,456 - INFO - Fetching GitHub repo: liudan111/ILMF-VH
2025-03-11 17:41:58,707 - INFO - Processed INFH-VH (https://github.com/liudan111/ILMF-VH)
2025-03-11 17:41:58,715 - INFO - Processed HostPhinder (https://github.com/julvi/HostPhinder)
2025-03-11 17:41:58,724 - INFO - Processed HostG (https://github.com/KennthShang/HostG)
2025-03-11 17:42:00,461 - INFO - Fetching GitHub repo: RasmussenLab/iPHoP
2025-03-11 17:42:00,465 - INFO - Fetching GitHub repo: wanchunnie/PB-LKS
2025-03-11 17:42:00,466 - INFO - Fetching GitHub repo: dimiboeckaerts/PhageHostLearn
2025-03-11 17:42:00,670 - WARNING - Repository not found: https://github.com/RasmussenLab/iPHoP
2025-03-11 17:42:00,671 - INFO - Processed iPHoP (https://github.com/RasmussenLab/iPHoP)
2025-03-11 17:42:00,704 - INFO - Processed PhageHostLearn (https://github.com/dimiboeckaerts/PhageHostLearn)
2025-03-11 17:42:00,718 - INFO - Processed PB-LKS (https://github.com/wanchunnie/PB-LKS)
2025-03-11 17:42:02,471 - INFO - Fetching GitHub repo: andynet/pheri
2025-03-11 17:42:02,475 - INFO - Fetching GitHub repo: BioMedicalBigDataMiningLab/PHIAF
2025-03-11 17:42:02,697 - INFO - Processed PHERI (https://github.com/andynet/pheri)
2025-03-11 17:42:02,720 - INFO - Processed PHIAF (https://github.com/BioMedicalBigDataMiningLab/PHIAF)
2025-03-11 17:42:02,721 - INFO - Waiting 15 seconds before processing next batch...
2025-03-11 17:42:17,726 - INFO - Processing batch 8/13 (10 repos)
2025-03-11 17:42:17,728 - INFO - Fetching GitHub repo: refresh-bio/phist
2025-03-11 17:42:17,992 - INFO - Processed PHIST (https://github.com/refresh-bio/phist)
2025-03-11 17:42:19,732 - INFO - Fetching GitHub repo: xialab-ahu/PredPHI
2025-03-11 17:42:19,736 - INFO - Fetching GitHub repo: JunPeng-Zhong/PHPGCA
2025-03-11 17:42:19,743 - INFO - Fetching GitHub repo: congyulu-bioinfo/PHP
2025-03-11 17:42:19,992 - INFO - Processed PredPHI (https://github.com/xialab-ahu/PredPHI)
2025-03-11 17:42:20,001 - INFO - Processed PHP (https://github.com/congyulu-bioinfo/PHP)
2025-03-11 17:42:20,040 - INFO - Processed PHPGCA (https://github.com/JunPeng-Zhong/PHPGCA)
2025-03-11 17:42:21,749 - INFO - Fetching GitHub repo: jessieren/VirHostMatcher
2025-03-11 17:42:21,749 - INFO - Fetching GitHub repo: WeiliWw/VirHostMatcher-Net
2025-03-11 17:42:21,749 - INFO - Fetching GitHub repo: flomock/vidhop
2025-03-11 17:42:21,982 - INFO - Fetching Bitbucket repo: MAVERICLab/virmatcher
2025-03-11 17:42:21,982 - INFO - Processed VirHostMatcher-Net (https://github.com/WeiliWw/VirHostMatcher-Net)
2025-03-11 17:42:21,986 - INFO - Processed VirHostMatcher (https://github.com/jessieren/VirHostMatcher)
2025-03-11 17:42:22,128 - INFO - Processed VIDHOP (https://github.com/flomock/vidhop)
2025-03-11 17:42:22,226 - INFO - Processed VirMatcher (https://bitbucket.org/MAVERICLab/virmatcher/src/master/)
2025-03-11 17:42:23,756 - INFO - Fetching GitHub repo: soedinglab/WIsH
2025-03-11 17:42:23,756 - INFO - Fetching GitHub repo: youngfran/virus_host_predict
2025-03-11 17:42:24,022 - INFO - Processed Virus Host Predict (https://github.com/youngfran/virus_host_predict)
2025-03-11 17:42:24,031 - INFO - Processed WIsH (https://github.com/soedinglab/WIsH)
2025-03-11 17:42:24,031 - INFO - Waiting 15 seconds before processing next batch...
2025-03-11 17:42:39,036 - INFO - Processing batch 9/13 (10 repos)
2025-03-11 17:42:39,038 - INFO - Fetching GitHub repo: WrightonLabCSU/DRAM
2025-03-11 17:42:39,329 - INFO - Processed DRAMv (https://github.com/WrightonLabCSU/DRAM)
2025-03-11 17:42:41,039 - INFO - Fetching GitHub repo: Adrian-Cantu/PhANNs
2025-03-11 17:42:41,043 - INFO - Fetching GitHub repo: gbouras13/pharokka
2025-03-11 17:42:41,044 - INFO - Fetching GitHub repo: raw-lab/MetaCerberus
2025-03-11 17:42:41,288 - INFO - Processed Pharokka (https://github.com/gbouras13/pharokka)
2025-03-11 17:42:41,292 - INFO - Processed PhANNs (https://github.com/Adrian-Cantu/PhANNs)
2025-03-11 17:42:41,292 - INFO - Processed MetaCerberus (https://github.com/raw-lab/MetaCerberus)
2025-03-11 17:42:43,047 - INFO - Fetching GitHub repo: ablab/spades
2025-03-11 17:42:43,050 - INFO - Fetching GitHub repo: pauloluniyi/VGEA
2025-03-11 17:42:43,051 - INFO - Fetching GitHub repo: ablab/spades
2025-03-11 17:42:43,293 - INFO - Fetching Bitbucket repo: berkeleylab/checkv
2025-03-11 17:42:43,294 - INFO - Processed VEGA (https://github.com/pauloluniyi/VGEA)
2025-03-11 17:42:43,301 - INFO - Processed metaviralSPAdes (https://github.com/ablab/spades/tree/metaviral_publication)
2025-03-11 17:42:43,301 - INFO - Processed coronaSPAdes (https://github.com/ablab/spades/tree/metaviral_publication)
2025-03-11 17:42:43,579 - INFO - Processed CheckV (https://bitbucket.org/berkeleylab/checkv/)
2025-03-11 17:42:45,056 - INFO - Fetching GitHub repo: ablab/viralVerify
2025-03-11 17:42:45,056 - INFO - Fetching GitHub repo: ablab/viralComplete
2025-03-11 17:42:45,312 - INFO - Processed viralVerify (https://github.com/ablab/viralVerify/)
2025-03-11 17:42:45,312 - INFO - Processed viralComplete (https://github.com/ablab/viralComplete/)
2025-03-11 17:42:45,313 - INFO - Waiting 15 seconds before processing next batch...
2025-03-11 17:43:00,318 - INFO - Processing batch 10/13 (10 repos)
2025-03-11 17:43:00,320 - INFO - Fetching GitHub repo: carolzhou/multiPhATE
2025-03-11 17:43:00,624 - INFO - Processed mulitPHATE (https://github.com/carolzhou/multiPhATE)
2025-03-11 17:43:02,325 - INFO - Fetching GitHub repo: f-kretschmer/bertax
2025-03-11 17:43:02,325 - INFO - Fetching GitHub repo: PAiewsakun/GRAViTy
2025-03-11 17:43:02,325 - INFO - Fetching GitHub repo: KennthShang/PhaGCN
2025-03-11 17:43:02,555 - INFO - Fetching Bitbucket repo: MAVERICLab/vcontact
2025-03-11 17:43:02,555 - INFO - Processed PhaGCN (https://github.com/KennthShang/PhaGCN)
2025-03-11 17:43:02,583 - INFO - Processed GraViTy (https://github.com/PAiewsakun/GRAViTy)
2025-03-11 17:43:02,655 - INFO - Processed BERTax (https://github.com/f-kretschmer/bertax)
2025-03-11 17:43:02,820 - INFO - Processed vConTACT (https://bitbucket.org/MAVERICLab/vcontact/src/master/)
2025-03-11 17:43:04,330 - INFO - Fetching GitHub repo: yosuken/ViPTreeGen
2025-03-11 17:43:04,330 - INFO - Fetching GitHub repo: EBI-Metagenomics/emg-viral-pipeline
2025-03-11 17:43:04,560 - INFO - Fetching Bitbucket repo: MAVERICLab/vcontact2
2025-03-11 17:43:04,590 - INFO - Processed VIRify (https://github.com/EBI-Metagenomics/emg-viral-pipeline)
2025-03-11 17:43:04,591 - INFO - Processed VIPtree (https://github.com/yosuken/ViPTreeGen)
2025-03-11 17:43:04,813 - INFO - Processed vConTACT2.0 (https://bitbucket.org/MAVERICLab/vcontact2/src/master/)
2025-03-11 17:43:06,336 - INFO - Fetching GitHub repo: biocom-uib/vpf-tools
2025-03-11 17:43:06,336 - INFO - Fetching GitHub repo: nahid18/virustaxo-wf
2025-03-11 17:43:06,583 - INFO - Processed VPF Tools (https://github.com/biocom-uib/vpf-tools)
2025-03-11 17:43:06,586 - INFO - Processed VirusTaxo (https://github.com/nahid18/virustaxo-wf)
2025-03-11 17:43:06,587 - INFO - Waiting 15 seconds before processing next batch...
2025-03-11 17:43:21,592 - INFO - Processing batch 11/13 (10 repos)
2025-03-11 17:43:21,594 - INFO - Fetching GitHub repo: medvir/VirMet
2025-03-11 17:43:21,899 - INFO - Processed VirMet (https://github.com/medvir/VirMet)
2025-03-11 17:43:23,597 - INFO - Fetching GitHub repo: chasewnelson/OLGenie
2025-03-11 17:43:23,600 - INFO - Fetching GitHub repo: viralemergence/virion
2025-03-11 17:43:23,601 - INFO - Fetching GitHub repo: chasewnelson/snpgenie
2025-03-11 17:43:23,855 - INFO - Processed OLGenie (https://github.com/chasewnelson/OLGenie)
2025-03-11 17:43:23,855 - INFO - Processed SNPGenie (https://github.com/chasewnelson/snpgenie)
2025-03-11 17:43:23,878 - INFO - Processed Virion (https://github.com/viralemergence/virion)
2025-03-11 17:43:25,607 - INFO - Fetching GitHub repo: adamhockenberry/bacphlip
2025-03-11 17:43:25,607 - INFO - Fetching GitHub repo: PathoGenOmics-Lab/VIPERA
2025-03-11 17:43:25,607 - INFO - Fetching GitHub repo: chasewnelson/VCFgenie
2025-03-11 17:43:25,854 - INFO - Processed VCFgenie (https://github.com/chasewnelson/VCFgenie)
2025-03-11 17:43:25,877 - INFO - Processed BACPHLIP (https://github.com/adamhockenberry/bacphlip)
2025-03-11 17:43:25,923 - INFO - Processed VIPERA (https://github.com/PathoGenOmics-Lab/VIPERA)
2025-03-11 17:43:27,613 - INFO - Fetching GitHub repo: nlm-irp-jianglab/SpikeHunter
2025-03-11 17:43:27,613 - INFO - Fetching GitHub repo: deprekate/PHACTS
2025-03-11 17:43:27,613 - INFO - Fetching GitHub repo: deprekate/PHANOTATE
2025-03-11 17:43:28,854 - INFO - Processed PHACTS (https://github.com/deprekate/PHACTS)
2025-03-11 17:43:28,859 - INFO - Processed SpikeHunter (https://github.com/nlm-irp-jianglab/SpikeHunter)
2025-03-11 17:43:28,863 - INFO - Processed Phanotate (https://github.com/deprekate/PHANOTATE)
2025-03-11 17:43:28,864 - INFO - Waiting 15 seconds before processing next batch...
2025-03-11 17:43:43,869 - INFO - Processing batch 12/13 (10 repos)
2025-03-11 17:43:43,871 - INFO - Fetching GitHub repo: alematia/MaGplotR
2025-03-11 17:43:45,155 - INFO - Processed MaGplotR (https://github.com/alematia/MaGplotR)
2025-03-11 17:43:45,876 - INFO - Fetching GitHub repo: soedinglab/spacepharer
2025-03-11 17:43:45,877 - INFO - Fetching GitHub repo: niemasd/ViralMSA
2025-03-11 17:43:45,877 - INFO - Fetching GitHub repo: linsalrob/genetic_codes
2025-03-11 17:43:50,146 - INFO - Fetching GitHub repo: ellinium/plaque_size_tool
2025-03-11 17:43:50,147 - INFO - Processed ViralMSA (https://github.com/niemasd/ViralMSA)
2025-03-11 17:43:50,442 - INFO - Processed PlaqueSizeTool (https://github.com/ellinium/plaque_size_tool)
2025-03-11 17:43:52,148 - INFO - Fetching GitHub repo: niemasd/FAVITES
2025-03-11 17:43:52,381 - INFO - Processed FAVITES (https://github.com/niemasd/FAVITES)
2025-03-11 17:43:53,133 - INFO - Processed pygenetic_code (https://github.com/linsalrob/genetic_codes/)
2025-03-11 17:43:53,147 - INFO - Processed SpacePHARER (https://github.com/soedinglab/spacepharer)
2025-03-11 17:43:54,148 - INFO - Fetching GitHub repo: niemasd/FAVITES-Lite
2025-03-11 17:43:54,150 - INFO - Fetching GitHub repo: Aveglia/vAMPirus
2025-03-11 17:43:54,150 - INFO - Fetching GitHub repo: SegataLab/viromeqc
2025-03-11 17:43:54,422 - INFO - Processed vAMPirus (https://github.com/Aveglia/vAMPirus)
2025-03-11 17:43:54,425 - INFO - Processed FAVITES-Lite (https://github.com/niemasd/FAVITES-Lite)
2025-03-11 17:43:54,425 - INFO - Processed ViromeQC (https://github.com/SegataLab/viromeqc)
2025-03-11 17:43:56,153 - INFO - Fetching GitHub repo: linxingchen/cobra
2025-03-11 17:43:56,435 - INFO - Processed COBRA (https://github.com/linxingchen/cobra)
2025-03-11 17:43:56,436 - INFO - Waiting 15 seconds before processing next batch...
2025-03-11 17:44:11,441 - INFO - Processing batch 13/13 (6 repos)
2025-03-11 17:44:11,443 - INFO - Fetching GitHub repo: Vini2/phables
2025-03-11 17:44:11,692 - INFO - Processed Phables (https://github.com/Vini2/phables)
2025-03-11 17:44:13,448 - INFO - Fetching GitHub repo: raghavagps/phagetb
2025-03-11 17:44:13,448 - INFO - Fetching GitHub repo: QData/DeepVHPPI
2025-03-11 17:44:13,448 - INFO - Fetching GitHub repo: metagentools/VStrains
2025-03-11 17:44:13,698 - INFO - Processed DeepVHPPI (https://github.com/QData/DeepVHPPI)
2025-03-11 17:44:13,701 - INFO - Fetching GitLab repo: pedram56rajaii/virmotif
2025-03-11 17:44:13,701 - INFO - Processed VStrains (https://github.com/metagentools/VStrains)
2025-03-11 17:44:13,716 - INFO - Processed PhageTB (https://github.com/raghavagps/phagetb)
2025-03-11 17:44:14,130 - INFO - Processed VIRMOTIF (https://gitlab.com/pedram56rajaii/virmotif)
2025-03-11 17:44:15,450 - INFO - Fetching GitHub repo: martaS95/PhagePromoter
2025-03-11 17:44:15,698 - INFO - Processed PhagePromoter (https://github.com/martaS95/PhagePromoter)
2025-03-11 17:44:15,699 - INFO - Found update times for 121/126 repositories
2025-03-11 17:44:15,700 - INFO - Found 2 unavailable repositories
2025-03-11 17:44:15,700 - INFO - Encountered errors with 0 repositories
2025-03-11 17:44:15,700 - INFO - Found 115 GitHub repositories with stars
2025-03-11 17:44:15,726 - INFO - README updated with repository information
2025-03-11 17:44:15,726 - INFO - Created unavailable_repos.md with 2 unavailable repositories
2025-03-11 17:44:15,726 - INFO - Created starred_repos.md with 115 starred repositories
2025-03-11 17:44:15,727 - INFO - Results saved to repo_updates.json
